<?xml version="1.0" encoding="utf-8" standalone="yes"?><!DOCTYPE report PUBLIC "-//JACOCO//DTD Report 1.1//EN" "report.dtd"><report name="Apache Commons CLI"><sessioninfo id="data-infra-02-u-c064b5f4" start="1789449504240" dump="1789449505241"/><package name="org/apache/commons/cli"><class name="org/apache/commons/cli/PosixParser" sourcefilename="PosixParser.java"><method name="&lt;init&gt;" desc="()V" line="32"><counter type="INSTRUCTION" missed="8" covered="0"/><counter type="LINE" missed="2" covered="0"/><counter type="COMPLEXITY" missed="1" covered="0"/><counter type="METHOD" missed="1" covered="0"/></method><method name="burstToken" desc="(Ljava/lang/String;Z)V" line="66"><counter type="INSTRUCTION" missed="72" covered="0"/><counter type="BRANCH" missed="10" covered="0"/><counter type="LINE" missed="13" covered="0"/><counter type="COMPLEXITY" missed="6" covered="0"/><counter type="METHOD" missed="1" covered="0"/></method><method name="flatten" desc="(Lorg/apache/commons/cli/Options;[Ljava/lang/String;Z)[Ljava/lang/String;" line="120"><counter type="INSTRUCTION" missed="180" covered="0"/><counter type="BRANCH" missed="26" covered="0"/><counter type="LINE" missed="35" covered="0"/><counter type="COMPLEXITY" missed="14" covered="0"/><counter type="METHOD" missed="1" covered="0"/></method><method name="gobble" desc="(Ljava/util/Iterator;)V" line="188"><counter type="INSTRUCTION" missed="15" covered="0"/><counter type="BRANCH" missed="4" covered="0"/><counter type="LINE" missed="4" covered="0"/><counter type="COMPLEXITY" missed="3" covered="0"/><counter type="METHOD" missed="1" covered="0"/></method><method name="init" desc="()V" line="200"><counter type="INSTRUCTION" missed="7" covered="0"/><counter type="LINE" missed="3" covered="0"/><counter type="COMPLEXITY" missed="1" covered="0"/><counter type="METHOD" missed="1" covered="0"/></method><method name="processNonOptionToken" desc="(Ljava/lang/String;Z)V" line="211"><counter type="INSTRUCTION" missed="23" covered="0"/><counter type="BRANCH" missed="6" covered="0"/><counter type="LINE" missed="5" covered="0"/><counter type="COMPLEXITY" missed="4" covered="0"/><counter type="METHOD" missed="1" covered="0"/></method><method name="processOptionToken" desc="(Ljava/lang/String;Z)V" line="233"><counter type="INSTRUCTION" missed="27" covered="0"/><counter type="BRANCH" missed="6" covered="0"/><counter type="LINE" missed="6" covered="0"/><counter type="COMPLEXITY" missed="4" covered="0"/><counter type="METHOD" missed="1" covered="0"/></method><counter type="INSTRUCTION" missed="332" covered="0"/><counter type="BRANCH" missed="52" covered="0"/><counter type="LINE" missed="68" covered="0"/><counter type="COMPLEXITY" missed="33" covered="0"/><counter type="METHOD" missed="7" covered="0"/><counter type="CLASS" missed="1" covered="0"/></class><class name="org/apache/commons/cli/MissingArgumentException" sourcefilename="MissingArgumentException.java"><method name="&lt;init&gt;" desc="(Lorg/apache/commons/cli/Option;)V" line="39"><counter type="INSTRUCTION" missed="15" covered="0"/><counter type="LINE" missed="3" covered="0"/><counter type="COMPLEXITY" missed="1" covered="0"/><counter type="METHOD" missed="1" covered="0"/></method><method name="&lt;init&gt;" desc="(Ljava/lang/String;)V" line="49"><counter type="INSTRUCTION" missed="4" covered="0"/><counter type="LINE" missed="2" covered="0"/><counter type="COMPLEXITY" missed="1" covered="0"/><counter type="METHOD" missed="1" covered="0"/></method><method name="getOption" desc="()Lorg/apache/commons/cli/Option;" line="59"><counter type="INSTRUCTION" missed="3" covered="0"/><counter type="LINE" missed="1" covered="0"/><counter type="COMPLEXITY" missed="1" covered="0"/><counter type="METHOD" missed="1" covered="0"/></method><counter type="INSTRUCTION" missed="22" covered="0"/><counter type="LINE" missed="6" covered="0"/><counter type="COMPLEXITY" missed="3" covered="0"/><counter type="METHOD" missed="3" covered="0"/><counter type="CLASS" missed="1" covered="0"/></class><class name="org/apache/commons/cli/HelpFormatter" sourcefilename="HelpFormatter.java"><method name="&lt;init&gt;" desc="()V" line="66"><counter type="INSTRUCTION" missed="0" covered="36"/><counter type="LINE" missed="0" covered="12"/><counter type="COMPLEXITY" missed="0" covered="1"/><counter type="METHOD" missed="0" covered="1"/></method><method name="appendOption" desc="(Ljava/lang/StringBuffer;Lorg/apache/commons/cli/Option;Z)V" line="202"><counter type="INSTRUCTION" missed="66" covered="0"/><counter type="BRANCH" missed="16" covered="0"/><counter type="LINE" missed="11" covered="0"/><counter type="COMPLEXITY" missed="9" covered="0"/><counter type="METHOD" missed="1" covered="0"/></method><method name="appendOptionGroup" desc="(Ljava/lang/StringBuffer;Lorg/apache/commons/cli/OptionGroup;)V" line="233"><counter type="INSTRUCTION" missed="49" covered="0"/><counter type="BRANCH" missed="10" covered="0"/><counter type="LINE" missed="12" covered="0"/><counter type="COMPLEXITY" missed="6" covered="0"/><counter type="METHOD" missed="1" covered="0"/></method><method name="createPadding" desc="(I)Ljava/lang/String;" line="264"><counter type="INSTRUCTION" missed="0" covered="11"/><counter type="LINE" missed="0" covered="3"/><counter type="COMPLEXITY" missed="0" covered="1"/><counter type="METHOD" missed="0" covered="1"/></method><method name="findWrapPos" desc="(Ljava/lang/String;II)I" line="282"><counter type="INSTRUCTION" missed="34" covered="44"/><counter type="BRANCH" missed="15" covered="7"/><counter type="LINE" missed="6" covered="10"/><counter type="COMPLEXITY" missed="10" covered="2"/><counter type="METHOD" missed="0" covered="1"/></method><method name="getArgName" desc="()Ljava/lang/String;" line="321"><counter type="INSTRUCTION" missed="3" covered="0"/><counter type="LINE" missed="1" covered="0"/><counter type="COMPLEXITY" missed="1" covered="0"/><counter type="METHOD" missed="1" covered="0"/></method><method name="getDescPadding" desc="()I" line="330"><counter type="INSTRUCTION" missed="3" covered="0"/><counter type="LINE" missed="1" covered="0"/><counter type="COMPLEXITY" missed="1" covered="0"/><counter type="METHOD" missed="1" covered="0"/></method><method name="getLeftPadding" desc="()I" line="339"><counter type="INSTRUCTION" missed="3" covered="0"/><counter type="LINE" missed="1" covered="0"/><counter type="COMPLEXITY" missed="1" covered="0"/><counter type="METHOD" missed="1" covered="0"/></method><method name="getLongOptPrefix" desc="()Ljava/lang/String;" line="348"><counter type="INSTRUCTION" missed="0" covered="3"/><counter type="LINE" missed="0" covered="1"/><counter type="COMPLEXITY" missed="0" covered="1"/><counter type="METHOD" missed="0" covered="1"/></method><method name="getLongOptSeparator" desc="()Ljava/lang/String;" line="358"><counter type="INSTRUCTION" missed="3" covered="0"/><counter type="LINE" missed="1" covered="0"/><counter type="COMPLEXITY" missed="1" covered="0"/><counter type="METHOD" missed="1" covered="0"/></method><method name="getNewLine" desc="()Ljava/lang/String;" line="367"><counter type="INSTRUCTION" missed="0" covered="3"/><counter type="LINE" missed="0" covered="1"/><counter type="COMPLEXITY" missed="0" covered="1"/><counter type="METHOD" missed="0" covered="1"/></method><method name="getOptionComparator" desc="()Ljava/util/Comparator;" line="378"><counter type="INSTRUCTION" missed="0" covered="3"/><counter type="LINE" missed="0" covered="1"/><counter type="COMPLEXITY" missed="0" covered="1"/><counter type="METHOD" missed="0" covered="1"/></method><method name="getOptPrefix" desc="()Ljava/lang/String;" line="387"><counter type="INSTRUCTION" missed="0" covered="3"/><counter type="LINE" missed="0" covered="1"/><counter type="COMPLEXITY" missed="0" covered="1"/><counter type="METHOD" missed="0" covered="1"/></method><method name="getSyntaxPrefix" desc="()Ljava/lang/String;" line="396"><counter type="INSTRUCTION" missed="3" covered="0"/><counter type="LINE" missed="1" covered="0"/><counter type="COMPLEXITY" missed="1" covered="0"/><counter type="METHOD" missed="1" covered="0"/></method><method name="getWidth" desc="()I" line="405"><counter type="INSTRUCTION" missed="3" covered="0"/><counter type="LINE" missed="1" covered="0"/><counter type="COMPLEXITY" missed="1" covered="0"/><counter type="METHOD" missed="1" covered="0"/></method><method name="printHelp" desc="(ILjava/lang/String;Ljava/lang/String;Lorg/apache/commons/cli/Options;Ljava/lang/String;)V" line="419"><counter type="INSTRUCTION" missed="9" covered="0"/><counter type="LINE" missed="2" covered="0"/><counter type="COMPLEXITY" missed="1" covered="0"/><counter type="METHOD" missed="1" covered="0"/></method><method name="printHelp" desc="(ILjava/lang/String;Ljava/lang/String;Lorg/apache/commons/cli/Options;Ljava/lang/String;Z)V" line="435"><counter type="INSTRUCTION" missed="21" covered="0"/><counter type="LINE" missed="4" covered="0"/><counter type="COMPLEXITY" missed="1" covered="0"/><counter type="METHOD" missed="1" covered="0"/></method><method name="printHelp" desc="(Ljava/io/PrintWriter;ILjava/lang/String;Ljava/lang/String;Lorg/apache/commons/cli/Options;IILjava/lang/String;)V" line="457"><counter type="INSTRUCTION" missed="12" covered="0"/><counter type="LINE" missed="2" covered="0"/><counter type="COMPLEXITY" missed="1" covered="0"/><counter type="METHOD" missed="1" covered="0"/></method><method name="printHelp" desc="(Ljava/io/PrintWriter;ILjava/lang/String;Ljava/lang/String;Lorg/apache/commons/cli/Options;IILjava/lang/String;Z)V" line="477"><counter type="INSTRUCTION" missed="52" covered="0"/><counter type="BRANCH" missed="14" covered="0"/><counter type="LINE" missed="11" covered="0"/><counter type="COMPLEXITY" missed="8" covered="0"/><counter type="METHOD" missed="1" covered="0"/></method><method name="printHelp" desc="(Ljava/lang/String;Lorg/apache/commons/cli/Options;)V" line="506"><counter type="INSTRUCTION" missed="10" covered="0"/><counter type="LINE" missed="2" covered="0"/><counter type="COMPLEXITY" missed="1" covered="0"/><counter type="METHOD" missed="1" covered="0"/></method><method name="printHelp" desc="(Ljava/lang/String;Lorg/apache/commons/cli/Options;Z)V" line="518"><counter type="INSTRUCTION" missed="10" covered="0"/><counter type="LINE" missed="2" covered="0"/><counter type="COMPLEXITY" missed="1" covered="0"/><counter type="METHOD" missed="1" covered="0"/></method><method name="printHelp" desc="(Ljava/lang/String;Ljava/lang/String;Lorg/apache/commons/cli/Options;Ljava/lang/String;)V" line="531"><counter type="INSTRUCTION" missed="8" covered="0"/><counter type="LINE" missed="2" covered="0"/><counter type="COMPLEXITY" missed="1" covered="0"/><counter type="METHOD" missed="1" covered="0"/></method><method name="printHelp" desc="(Ljava/lang/String;Ljava/lang/String;Lorg/apache/commons/cli/Options;Ljava/lang/String;Z)V" line="545"><counter type="INSTRUCTION" missed="10" covered="0"/><counter type="LINE" missed="2" covered="0"/><counter type="COMPLEXITY" missed="1" covered="0"/><counter type="METHOD" missed="1" covered="0"/></method><method name="printOptions" desc="(Ljava/io/PrintWriter;ILorg/apache/commons/cli/Options;II)V" line="559"><counter type="INSTRUCTION" missed="17" covered="0"/><counter type="LINE" missed="4" covered="0"/><counter type="COMPLEXITY" missed="1" covered="0"/><counter type="METHOD" missed="1" covered="0"/></method><method name="printUsage" desc="(Ljava/io/PrintWriter;ILjava/lang/String;)V" line="573"><counter type="INSTRUCTION" missed="25" covered="0"/><counter type="LINE" missed="3" covered="0"/><counter type="COMPLEXITY" missed="1" covered="0"/><counter type="METHOD" missed="1" covered="0"/></method><method name="printUsage" desc="(Ljava/io/PrintWriter;ILjava/lang/String;Lorg/apache/commons/cli/Options;)V" line="588"><counter type="INSTRUCTION" missed="83" covered="0"/><counter type="BRANCH" missed="10" covered="0"/><counter type="LINE" missed="18" covered="0"/><counter type="COMPLEXITY" missed="6" covered="0"/><counter type="METHOD" missed="1" covered="0"/></method><method name="printWrapped" desc="(Ljava/io/PrintWriter;IILjava/lang/String;)V" line="643"><counter type="INSTRUCTION" missed="18" covered="0"/><counter type="LINE" missed="4" covered="0"/><counter type="COMPLEXITY" missed="1" covered="0"/><counter type="METHOD" missed="1" covered="0"/></method><method name="printWrapped" desc="(Ljava/io/PrintWriter;ILjava/lang/String;)V" line="657"><counter type="INSTRUCTION" missed="7" covered="0"/><counter type="LINE" missed="2" covered="0"/><counter type="COMPLEXITY" missed="1" covered="0"/><counter type="METHOD" missed="1" covered="0"/></method><method name="renderOptions" desc="(Ljava/lang/StringBuffer;ILorg/apache/commons/cli/Options;II)Ljava/lang/StringBuffer;" line="672"><counter type="INSTRUCTION" missed="8" covered="189"/><counter type="BRANCH" missed="6" covered="20"/><counter type="LINE" missed="1" covered="37"/><counter type="COMPLEXITY" missed="6" covered="8"/><counter type="METHOD" missed="0" covered="1"/></method><method name="renderWrappedText" desc="(Ljava/lang/StringBuffer;IILjava/lang/String;)Ljava/lang/StringBuffer;" line="755"><counter type="INSTRUCTION" missed="72" covered="21"/><counter type="BRANCH" missed="9" covered="1"/><counter type="LINE" missed="12" covered="6"/><counter type="COMPLEXITY" missed="5" covered="1"/><counter type="METHOD" missed="0" covered="1"/></method><method name="renderWrappedTextBlock" desc="(Ljava/lang/StringBuffer;IILjava/lang/String;)Ljava/lang/Appendable;" line="803"><counter type="INSTRUCTION" missed="37" covered="0"/><counter type="BRANCH" missed="4" covered="0"/><counter type="LINE" missed="10" covered="0"/><counter type="COMPLEXITY" missed="3" covered="0"/><counter type="METHOD" missed="1" covered="0"/></method><method name="rtrim" desc="(Ljava/lang/String;)Ljava/lang/String;" line="829"><counter type="INSTRUCTION" missed="2" covered="24"/><counter type="BRANCH" missed="3" covered="5"/><counter type="LINE" missed="1" covered="5"/><counter type="COMPLEXITY" missed="3" covered="2"/><counter type="METHOD" missed="0" covered="1"/></method><method name="setArgName" desc="(Ljava/lang/String;)V" line="848"><counter type="INSTRUCTION" missed="4" covered="0"/><counter type="LINE" missed="2" covered="0"/><counter type="COMPLEXITY" missed="1" covered="0"/><counter type="METHOD" missed="1" covered="0"/></method><method name="setDescPadding" desc="(I)V" line="857"><counter type="INSTRUCTION" missed="4" covered="0"/><counter type="LINE" missed="2" covered="0"/><counter type="COMPLEXITY" missed="1" covered="0"/><counter type="METHOD" missed="1" covered="0"/></method><method name="setLeftPadding" desc="(I)V" line="866"><counter type="INSTRUCTION" missed="4" covered="0"/><counter type="LINE" missed="2" covered="0"/><counter type="COMPLEXITY" missed="1" covered="0"/><counter type="METHOD" missed="1" covered="0"/></method><method name="setLongOptPrefix" desc="(Ljava/lang/String;)V" line="875"><counter type="INSTRUCTION" missed="4" covered="0"/><counter type="LINE" missed="2" covered="0"/><counter type="COMPLEXITY" missed="1" covered="0"/><counter type="METHOD" missed="1" covered="0"/></method><method name="setLongOptSeparator" desc="(Ljava/lang/String;)V" line="886"><counter type="INSTRUCTION" missed="4" covered="0"/><counter type="LINE" missed="2" covered="0"/><counter type="COMPLEXITY" missed="1" covered="0"/><counter type="METHOD" missed="1" covered="0"/></method><method name="setNewLine" desc="(Ljava/lang/String;)V" line="895"><counter type="INSTRUCTION" missed="4" covered="0"/><counter type="LINE" missed="2" covered="0"/><counter type="COMPLEXITY" missed="1" covered="0"/><counter type="METHOD" missed="1" covered="0"/></method><method name="setOptionComparator" desc="(Ljava/util/Comparator;)V" line="906"><counter type="INSTRUCTION" missed="4" covered="0"/><counter type="LINE" missed="2" covered="0"/><counter type="COMPLEXITY" missed="1" covered="0"/><counter type="METHOD" missed="1" covered="0"/></method><method name="setOptPrefix" desc="(Ljava/lang/String;)V" line="915"><counter type="INSTRUCTION" missed="4" covered="0"/><counter type="LINE" missed="2" covered="0"/><counter type="COMPLEXITY" missed="1" covered="0"/><counter type="METHOD" missed="1" covered="0"/></method><method name="setSyntaxPrefix" desc="(Ljava/lang/String;)V" line="924"><counter type="INSTRUCTION" missed="4" covered="0"/><counter type="LINE" missed="2" covered="0"/><counter type="COMPLEXITY" missed="1" covered="0"/><counter type="METHOD" missed="1" covered="0"/></method><method name="setWidth" desc="(I)V" line="933"><counter type="INSTRUCTION" missed="4" covered="0"/><counter type="LINE" missed="2" covered="0"/><counter type="COMPLEXITY" missed="1" covered="0"/><counter type="METHOD" missed="1" covered="0"/></method><counter type="INSTRUCTION" missed="608" covered="337"/><counter type="BRANCH" missed="87" covered="33"/><counter type="LINE" missed="137" covered="77"/><counter type="COMPLEXITY" missed="83" covered="19"/><counter type="METHOD" missed="32" covered="10"/><counter type="CLASS" missed="0" covered="1"/></class><class name="org/apache/commons/cli/CommandLine" sourcefilename="CommandLine.java"><method name="&lt;init&gt;" desc="()V" line="92"><counter type="INSTRUCTION" missed="13" covered="0"/><counter type="LINE" missed="4" covered="0"/><counter type="COMPLEXITY" missed="1" covered="0"/><counter type="METHOD" missed="1" covered="0"/></method><method name="addArg" desc="(Ljava/lang/String;)V" line="110"><counter type="INSTRUCTION" missed="8" covered="0"/><counter type="BRANCH" missed="2" covered="0"/><counter type="LINE" missed="3" covered="0"/><counter type="COMPLEXITY" missed="2" covered="0"/><counter type="METHOD" missed="1" covered="0"/></method><method name="addOption" desc="(Lorg/apache/commons/cli/Option;)V" line="121"><counter type="INSTRUCTION" missed="8" covered="0"/><counter type="BRANCH" missed="2" covered="0"/><counter type="LINE" missed="3" covered="0"/><counter type="COMPLEXITY" missed="2" covered="0"/><counter type="METHOD" missed="1" covered="0"/></method><method name="getArgList" desc="()Ljava/util/List;" line="132"><counter type="INSTRUCTION" missed="3" covered="0"/><counter type="LINE" missed="1" covered="0"/><counter type="COMPLEXITY" missed="1" covered="0"/><counter type="METHOD" missed="1" covered="0"/></method><method name="getArgs" desc="()[Ljava/lang/String;" line="141"><counter type="INSTRUCTION" missed="6" covered="0"/><counter type="LINE" missed="1" covered="0"/><counter type="COMPLEXITY" missed="1" covered="0"/><counter type="METHOD" missed="1" covered="0"/></method><method name="getOptionObject" desc="(C)Ljava/lang/Object;" line="153"><counter type="INSTRUCTION" missed="5" covered="0"/><counter type="LINE" missed="1" covered="0"/><counter type="COMPLEXITY" missed="1" covered="0"/><counter type="METHOD" missed="1" covered="0"/></method><method name="getOptionObject" desc="(Ljava/lang/String;)Ljava/lang/Object;" line="166"><counter type="INSTRUCTION" missed="22" covered="0"/><counter type="LINE" missed="4" covered="0"/><counter type="COMPLEXITY" missed="1" covered="0"/><counter type="METHOD" missed="1" covered="0"/></method><method name="getOptionProperties" desc="(Lorg/apache/commons/cli/Option;)Ljava/util/Properties;" line="185"><counter type="INSTRUCTION" missed="27" covered="0"/><counter type="BRANCH" missed="4" covered="0"/><counter type="LINE" missed="6" covered="0"/><counter type="COMPLEXITY" missed="3" covered="0"/><counter type="METHOD" missed="1" covered="0"/></method><method name="getOptionProperties" desc="(Ljava/lang/String;)Ljava/util/Properties;" line="206"><counter type="INSTRUCTION" missed="33" covered="0"/><counter type="BRANCH" missed="6" covered="0"/><counter type="LINE" missed="6" covered="0"/><counter type="COMPLEXITY" missed="4" covered="0"/><counter type="METHOD" missed="1" covered="0"/></method><method name="getOptions" desc="()[Lorg/apache/commons/cli/Option;" line="222"><counter type="INSTRUCTION" missed="6" covered="0"/><counter type="LINE" missed="1" covered="0"/><counter type="COMPLEXITY" missed="1" covered="0"/><counter type="METHOD" missed="1" covered="0"/></method><method name="getOptionValue" desc="(C)Ljava/lang/String;" line="232"><counter type="INSTRUCTION" missed="5" covered="0"/><counter type="LINE" missed="1" covered="0"/><counter type="COMPLEXITY" missed="1" covered="0"/><counter type="METHOD" missed="1" covered="0"/></method><method name="getOptionValue" desc="(CLjava/lang/String;)Ljava/lang/String;" line="243"><counter type="INSTRUCTION" missed="7" covered="0"/><counter type="LINE" missed="1" covered="0"/><counter type="COMPLEXITY" missed="1" covered="0"/><counter type="METHOD" missed="1" covered="0"/></method><method name="getOptionValue" desc="(CLjava/util/function/Supplier;)Ljava/lang/String;" line="255"><counter type="INSTRUCTION" missed="6" covered="0"/><counter type="LINE" missed="1" covered="0"/><counter type="COMPLEXITY" missed="1" covered="0"/><counter type="METHOD" missed="1" covered="0"/></method><method name="getOptionValue" desc="(Lorg/apache/commons/cli/Option;)Ljava/lang/String;" line="266"><counter type="INSTRUCTION" missed="16" covered="0"/><counter type="BRANCH" missed="4" covered="0"/><counter type="LINE" missed="4" covered="0"/><counter type="COMPLEXITY" missed="3" covered="0"/><counter type="METHOD" missed="1" covered="0"/></method><method name="getOptionValue" desc="(Lorg/apache/commons/cli/Option;Ljava/lang/String;)Ljava/lang/String;" line="282"><counter type="INSTRUCTION" missed="6" covered="0"/><counter type="LINE" missed="1" covered="0"/><counter type="COMPLEXITY" missed="1" covered="0"/><counter type="METHOD" missed="1" covered="0"/></method><method name="getOptionValue" desc="(Lorg/apache/commons/cli/Option;Ljava/util/function/Supplier;)Ljava/lang/String;" line="294"><counter type="INSTRUCTION" missed="12" covered="0"/><counter type="BRANCH" missed="2" covered="0"/><counter type="LINE" missed="2" covered="0"/><counter type="COMPLEXITY" missed="2" covered="0"/><counter type="METHOD" missed="1" covered="0"/></method><method name="getOptionValue" desc="(Ljava/lang/String;)Ljava/lang/String;" line="305"><counter type="INSTRUCTION" missed="6" covered="0"/><counter type="LINE" missed="1" covered="0"/><counter type="COMPLEXITY" missed="1" covered="0"/><counter type="METHOD" missed="1" covered="0"/></method><method name="getOptionValue" desc="(Ljava/lang/String;Ljava/lang/String;)Ljava/lang/String;" line="316"><counter type="INSTRUCTION" missed="8" covered="0"/><counter type="LINE" missed="1" covered="0"/><counter type="COMPLEXITY" missed="1" covered="0"/><counter type="METHOD" missed="1" covered="0"/></method><method name="getOptionValue" desc="(Ljava/lang/String;Ljava/util/function/Supplier;)Ljava/lang/String;" line="328"><counter type="INSTRUCTION" missed="7" covered="0"/><counter type="LINE" missed="1" covered="0"/><counter type="COMPLEXITY" missed="1" covered="0"/><counter type="METHOD" missed="1" covered="0"/></method><method name="getOptionValues" desc="(C)[Ljava/lang/String;" line="338"><counter type="INSTRUCTION" missed="5" covered="0"/><counter type="LINE" missed="1" covered="0"/><counter type="COMPLEXITY" missed="1" covered="0"/><counter type="METHOD" missed="1" covered="0"/></method><method name="getOptionValues" desc="(Lorg/apache/commons/cli/Option;)[Ljava/lang/String;" line="350"><counter type="INSTRUCTION" missed="35" covered="0"/><counter type="BRANCH" missed="6" covered="0"/><counter type="LINE" missed="6" covered="0"/><counter type="COMPLEXITY" missed="4" covered="0"/><counter type="METHOD" missed="1" covered="0"/></method><method name="getOptionValues" desc="(Ljava/lang/String;)[Ljava/lang/String;" line="368"><counter type="INSTRUCTION" missed="6" covered="0"/><counter type="LINE" missed="1" covered="0"/><counter type="COMPLEXITY" missed="1" covered="0"/><counter type="METHOD" missed="1" covered="0"/></method><method name="getParsedOptionValue" desc="(C)Ljava/lang/Object;" line="382"><counter type="INSTRUCTION" missed="5" covered="0"/><counter type="LINE" missed="1" covered="0"/><counter type="COMPLEXITY" missed="1" covered="0"/><counter type="METHOD" missed="1" covered="0"/></method><method name="getParsedOptionValue" desc="(CLjava/util/function/Supplier;)Ljava/lang/Object;" line="397"><counter type="INSTRUCTION" missed="6" covered="0"/><counter type="LINE" missed="1" covered="0"/><counter type="COMPLEXITY" missed="1" covered="0"/><counter type="METHOD" missed="1" covered="0"/></method><method name="getParsedOptionValue" desc="(CLjava/lang/Object;)Ljava/lang/Object;" line="412"><counter type="INSTRUCTION" missed="6" covered="0"/><counter type="LINE" missed="1" covered="0"/><counter type="COMPLEXITY" missed="1" covered="0"/><counter type="METHOD" missed="1" covered="0"/></method><method name="getParsedOptionValue" desc="(Lorg/apache/commons/cli/Option;)Ljava/lang/Object;" line="426"><counter type="INSTRUCTION" missed="5" covered="0"/><counter type="LINE" missed="1" covered="0"/><counter type="COMPLEXITY" missed="1" covered="0"/><counter type="METHOD" missed="1" covered="0"/></method><method name="getParsedOptionValue" desc="(Lorg/apache/commons/cli/Option;Ljava/util/function/Supplier;)Ljava/lang/Object;" line="442"><counter type="INSTRUCTION" missed="26" covered="0"/><counter type="BRANCH" missed="6" covered="0"/><counter type="LINE" missed="6" covered="0"/><counter type="COMPLEXITY" missed="4" covered="0"/><counter type="METHOD" missed="1" covered="0"/></method><method name="getParsedOptionValue" desc="(Lorg/apache/commons/cli/Option;Ljava/lang/Object;)Ljava/lang/Object;" line="466"><counter type="INSTRUCTION" missed="6" covered="0"/><counter type="LINE" missed="1" covered="0"/><counter type="COMPLEXITY" missed="1" covered="0"/><counter type="METHOD" missed="1" covered="0"/></method><method name="getParsedOptionValue" desc="(Ljava/lang/String;)Ljava/lang/Object;" line="480"><counter type="INSTRUCTION" missed="6" covered="0"/><counter type="LINE" missed="1" covered="0"/><counter type="COMPLEXITY" missed="1" covered="0"/><counter type="METHOD" missed="1" covered="0"/></method><method name="getParsedOptionValue" desc="(Ljava/lang/String;Ljava/util/function/Supplier;)Ljava/lang/Object;" line="495"><counter type="INSTRUCTION" missed="7" covered="0"/><counter type="LINE" missed="1" covered="0"/><counter type="COMPLEXITY" missed="1" covered="0"/><counter type="METHOD" missed="1" covered="0"/></method><method name="getParsedOptionValue" desc="(Ljava/lang/String;Ljava/lang/Object;)Ljava/lang/Object;" line="510"><counter type="INSTRUCTION" missed="7" covered="0"/><counter type="LINE" missed="1" covered="0"/><counter type="COMPLEXITY" missed="1" covered="0"/><counter type="METHOD" missed="1" covered="0"/></method><method name="hasOption" desc="(C)Z" line="520"><counter type="INSTRUCTION" missed="5" covered="0"/><counter type="LINE" missed="1" covered="0"/><counter type="COMPLEXITY" missed="1" covered="0"/><counter type="METHOD" missed="1" covered="0"/></method><method name="hasOption" desc="(Lorg/apache/commons/cli/Option;)Z" line="549"><counter type="INSTRUCTION" missed="5" covered="0"/><counter type="LINE" missed="1" covered="0"/><counter type="COMPLEXITY" missed="1" covered="0"/><counter type="METHOD" missed="1" covered="0"/></method><method name="hasOption" desc="(Ljava/lang/String;)Z" line="559"><counter type="INSTRUCTION" missed="6" covered="0"/><counter type="LINE" missed="1" covered="0"/><counter type="COMPLEXITY" missed="1" covered="0"/><counter type="METHOD" missed="1" covered="0"/></method><method name="iterator" desc="()Ljava/util/Iterator;" line="568"><counter type="INSTRUCTION" missed="4" covered="0"/><counter type="LINE" missed="1" covered="0"/><counter type="COMPLEXITY" missed="1" covered="0"/><counter type="METHOD" missed="1" covered="0"/></method><method name="processPropertiesFromValues" desc="(Ljava/util/Properties;Ljava/util/List;)V" line="579"><counter type="INSTRUCTION" missed="34" covered="0"/><counter type="BRANCH" missed="4" covered="0"/><counter type="LINE" missed="5" covered="0"/><counter type="COMPLEXITY" missed="3" covered="0"/><counter type="METHOD" missed="1" covered="0"/></method><method name="resolveOption" desc="(Ljava/lang/String;)Lorg/apache/commons/cli/Option;" line="595"><counter type="INSTRUCTION" missed="31" covered="0"/><counter type="BRANCH" missed="8" covered="0"/><counter type="LINE" missed="7" covered="0"/><counter type="COMPLEXITY" missed="5" covered="0"/><counter type="METHOD" missed="1" covered="0"/></method><method name="lambda$getParsedOptionValue$4" desc="(Ljava/lang/Object;)Ljava/lang/Object;" line="466"><counter type="INSTRUCTION" missed="2" covered="0"/><counter type="LINE" missed="1" covered="0"/><counter type="COMPLEXITY" missed="1" covered="0"/><counter type="METHOD" missed="1" covered="0"/></method><method name="lambda$getParsedOptionValue$3" desc="()Ljava/lang/Object;" line="426"><counter type="INSTRUCTION" missed="2" covered="0"/><counter type="LINE" missed="1" covered="0"/><counter type="COMPLEXITY" missed="1" covered="0"/><counter type="METHOD" missed="1" covered="0"/></method><method name="lambda$getOptionValue$2" desc="(Ljava/lang/String;)Ljava/lang/String;" line="316"><counter type="INSTRUCTION" missed="2" covered="0"/><counter type="LINE" missed="1" covered="0"/><counter type="COMPLEXITY" missed="1" covered="0"/><counter type="METHOD" missed="1" covered="0"/></method><method name="lambda$getOptionValue$1" desc="(Ljava/lang/String;)Ljava/lang/String;" line="282"><counter type="INSTRUCTION" missed="2" covered="0"/><counter type="LINE" missed="1" covered="0"/><counter type="COMPLEXITY" missed="1" covered="0"/><counter type="METHOD" missed="1" covered="0"/></method><method name="lambda$getOptionValue$0" desc="(Ljava/lang/String;)Ljava/lang/String;" line="243"><counter type="INSTRUCTION" missed="2" covered="0"/><counter type="LINE" missed="1" covered="0"/><counter type="COMPLEXITY" missed="1" covered="0"/><counter type="METHOD" missed="1" covered="0"/></method><counter type="INSTRUCTION" missed="419" covered="0"/><counter type="BRANCH" missed="44" covered="0"/><counter type="LINE" missed="81" covered="0"/><counter type="COMPLEXITY" missed="64" covered="0"/><counter type="METHOD" missed="42" covered="0"/><counter type="CLASS" missed="1" covered="0"/></class><class name="org/apache/commons/cli/Option$Builder" sourcefilename="Option.java"><method name="&lt;init&gt;" desc="(Ljava/lang/String;)V" line="78"><counter type="INSTRUCTION" missed="0" covered="13"/><counter type="LINE" missed="0" covered="5"/><counter type="COMPLEXITY" missed="0" covered="1"/><counter type="METHOD" missed="0" covered="1"/></method><method name="argName" desc="(Ljava/lang/String;)Lorg/apache/commons/cli/Option$Builder;" line="106"><counter type="INSTRUCTION" missed="0" covered="5"/><counter type="LINE" missed="0" covered="2"/><counter type="COMPLEXITY" missed="0" covered="1"/><counter type="METHOD" missed="0" covered="1"/></method><method name="build" desc="()Lorg/apache/commons/cli/Option;" line="117"><counter type="INSTRUCTION" missed="5" covered="12"/><counter type="BRANCH" missed="1" covered="3"/><counter type="LINE" missed="1" covered="2"/><counter type="COMPLEXITY" missed="1" covered="2"/><counter type="METHOD" missed="0" covered="1"/></method><method name="converter" desc="(Lorg/apache/commons/cli/Converter;)Lorg/apache/commons/cli/Option$Builder;" line="131"><counter type="INSTRUCTION" missed="5" covered="0"/><counter type="LINE" missed="2" covered="0"/><counter type="COMPLEXITY" missed="1" covered="0"/><counter type="METHOD" missed="1" covered="0"/></method><method name="desc" desc="(Ljava/lang/String;)Lorg/apache/commons/cli/Option$Builder;" line="142"><counter type="INSTRUCTION" missed="0" covered="5"/><counter type="LINE" missed="0" covered="2"/><counter type="COMPLEXITY" missed="0" covered="1"/><counter type="METHOD" missed="0" covered="1"/></method><method name="hasArg" desc="()Lorg/apache/commons/cli/Option$Builder;" line="152"><counter type="INSTRUCTION" missed="0" covered="4"/><counter type="LINE" missed="0" covered="1"/><counter type="COMPLEXITY" missed="0" covered="1"/><counter type="METHOD" missed="0" covered="1"/></method><method name="hasArg" desc="(Z)Lorg/apache/commons/cli/Option$Builder;" line="163"><counter type="INSTRUCTION" missed="1" covered="8"/><counter type="BRANCH" missed="1" covered="1"/><counter type="LINE" missed="0" covered="2"/><counter type="COMPLEXITY" missed="1" covered="1"/><counter type="METHOD" missed="0" covered="1"/></method><method name="hasArgs" desc="()Lorg/apache/commons/cli/Option$Builder;" line="173"><counter type="INSTRUCTION" missed="5" covered="0"/><counter type="LINE" missed="2" covered="0"/><counter type="COMPLEXITY" missed="1" covered="0"/><counter type="METHOD" missed="1" covered="0"/></method><method name="longOpt" desc="(Ljava/lang/String;)Lorg/apache/commons/cli/Option$Builder;" line="184"><counter type="INSTRUCTION" missed="0" covered="5"/><counter type="LINE" missed="0" covered="2"/><counter type="COMPLEXITY" missed="0" covered="1"/><counter type="METHOD" missed="0" covered="1"/></method><method name="numberOfArgs" desc="(I)Lorg/apache/commons/cli/Option$Builder;" line="195"><counter type="INSTRUCTION" missed="5" covered="0"/><counter type="LINE" missed="2" covered="0"/><counter type="COMPLEXITY" missed="1" covered="0"/><counter type="METHOD" missed="1" covered="0"/></method><method name="option" desc="(Ljava/lang/String;)Lorg/apache/commons/cli/Option$Builder;" line="208"><counter type="INSTRUCTION" missed="0" covered="6"/><counter type="LINE" missed="0" covered="2"/><counter type="COMPLEXITY" missed="0" covered="1"/><counter type="METHOD" missed="0" covered="1"/></method><method name="optionalArg" desc="(Z)Lorg/apache/commons/cli/Option$Builder;" line="219"><counter type="INSTRUCTION" missed="14" covered="0"/><counter type="BRANCH" missed="4" covered="0"/><counter type="LINE" missed="4" covered="0"/><counter type="COMPLEXITY" missed="3" covered="0"/><counter type="METHOD" missed="1" covered="0"/></method><method name="required" desc="()Lorg/apache/commons/cli/Option$Builder;" line="232"><counter type="INSTRUCTION" missed="4" covered="0"/><counter type="LINE" missed="1" covered="0"/><counter type="COMPLEXITY" missed="1" covered="0"/><counter type="METHOD" missed="1" covered="0"/></method><method name="required" desc="(Z)Lorg/apache/commons/cli/Option$Builder;" line="242"><counter type="INSTRUCTION" missed="5" covered="0"/><counter type="LINE" missed="2" covered="0"/><counter type="COMPLEXITY" missed="1" covered="0"/><counter type="METHOD" missed="1" covered="0"/></method><method name="type" desc="(Ljava/lang/Class;)Lorg/apache/commons/cli/Option$Builder;" line="253"><counter type="INSTRUCTION" missed="5" covered="0"/><counter type="LINE" missed="2" covered="0"/><counter type="COMPLEXITY" missed="1" covered="0"/><counter type="METHOD" missed="1" covered="0"/></method><method name="valueSeparator" desc="()Lorg/apache/commons/cli/Option$Builder;" line="263"><counter type="INSTRUCTION" missed="4" covered="0"/><counter type="LINE" missed="1" covered="0"/><counter type="COMPLEXITY" missed="1" covered="0"/><counter type="METHOD" missed="1" covered="0"/></method><method name="valueSeparator" desc="(C)Lorg/apache/commons/cli/Option$Builder;" line="287"><counter type="INSTRUCTION" missed="5" covered="0"/><counter type="LINE" missed="2" covered="0"/><counter type="COMPLEXITY" missed="1" covered="0"/><counter type="METHOD" missed="1" covered="0"/></method><counter type="INSTRUCTION" missed="58" covered="58"/><counter type="BRANCH" missed="6" covered="4"/><counter type="LINE" missed="19" covered="18"/><counter type="COMPLEXITY" missed="13" covered="9"/><counter type="METHOD" missed="9" covered="8"/><counter type="CLASS" missed="0" covered="1"/></class><class name="org/apache/commons/cli/DefaultParser" sourcefilename="DefaultParser.java"><method name="builder" desc="()Lorg/apache/commons/cli/DefaultParser$Builder;" line="129"><counter type="INSTRUCTION" missed="5" covered="0"/><counter type="LINE" missed="1" covered="0"/><counter type="COMPLEXITY" missed="1" covered="0"/><counter type="METHOD" missed="1" covered="0"/></method><method name="&lt;init&gt;" desc="()V" line="182"><counter type="INSTRUCTION" missed="9" covered="0"/><counter type="LINE" missed="4" covered="0"/><counter type="COMPLEXITY" missed="1" covered="0"/><counter type="METHOD" missed="1" covered="0"/></method><method name="&lt;init&gt;" desc="(Z)V" line="208"><counter type="INSTRUCTION" missed="9" covered="0"/><counter type="LINE" missed="4" covered="0"/><counter type="COMPLEXITY" missed="1" covered="0"/><counter type="METHOD" missed="1" covered="0"/></method><method name="&lt;init&gt;" desc="(ZLjava/lang/Boolean;)V" line="221"><counter type="INSTRUCTION" missed="9" covered="0"/><counter type="LINE" missed="4" covered="0"/><counter type="COMPLEXITY" missed="1" covered="0"/><counter type="METHOD" missed="1" covered="0"/></method><method name="checkRequiredArgs" desc="()V" line="230"><counter type="INSTRUCTION" missed="27" covered="0"/><counter type="BRANCH" missed="8" covered="0"/><counter type="LINE" missed="5" covered="0"/><counter type="COMPLEXITY" missed="5" covered="0"/><counter type="METHOD" missed="1" covered="0"/></method><method name="checkRequiredOptions" desc="()V" line="245"><counter type="INSTRUCTION" missed="11" covered="0"/><counter type="BRANCH" missed="2" covered="0"/><counter type="LINE" missed="3" covered="0"/><counter type="COMPLEXITY" missed="2" covered="0"/><counter type="METHOD" missed="1" covered="0"/></method><method name="getLongPrefix" desc="(Ljava/lang/String;)Ljava/lang/String;" line="256"><counter type="INSTRUCTION" missed="30" covered="0"/><counter type="BRANCH" missed="4" covered="0"/><counter type="LINE" missed="8" covered="0"/><counter type="COMPLEXITY" missed="3" covered="0"/><counter type="METHOD" missed="1" covered="0"/></method><method name="getMatchingLongOptions" desc="(Ljava/lang/String;)Ljava/util/List;" line="276"><counter type="INSTRUCTION" missed="30" covered="0"/><counter type="BRANCH" missed="4" covered="0"/><counter type="LINE" missed="7" covered="0"/><counter type="COMPLEXITY" missed="3" covered="0"/><counter type="METHOD" missed="1" covered="0"/></method><method name="handleConcatenatedOptions" desc="(Ljava/lang/String;)V" line="308"><counter type="INSTRUCTION" missed="59" covered="0"/><counter type="BRANCH" missed="12" covered="0"/><counter type="LINE" missed="10" covered="0"/><counter type="COMPLEXITY" missed="7" covered="0"/><counter type="METHOD" missed="1" covered="0"/></method><method name="handleLongOption" desc="(Ljava/lang/String;)V" line="332"><counter type="INSTRUCTION" missed="13" covered="0"/><counter type="BRANCH" missed="2" covered="0"/><counter type="LINE" missed="4" covered="0"/><counter type="COMPLEXITY" missed="2" covered="0"/><counter type="METHOD" missed="1" covered="0"/></method><method name="handleLongOptionWithEqual" desc="(Ljava/lang/String;)V" line="347"><counter type="INSTRUCTION" missed="80" covered="0"/><counter type="BRANCH" missed="10" covered="0"/><counter type="LINE" missed="16" covered="0"/><counter type="COMPLEXITY" missed="6" covered="0"/><counter type="METHOD" missed="1" covered="0"/></method><method name="handleLongOptionWithoutEqual" desc="(Ljava/lang/String;)V" line="376"><counter type="INSTRUCTION" missed="46" covered="0"/><counter type="BRANCH" missed="8" covered="0"/><counter type="LINE" missed="8" covered="0"/><counter type="COMPLEXITY" missed="5" covered="0"/><counter type="METHOD" missed="1" covered="0"/></method><method name="handleOption" desc="(Lorg/apache/commons/cli/Option;)V" line="389"><counter type="INSTRUCTION" missed="22" covered="0"/><counter type="BRANCH" missed="2" covered="0"/><counter type="LINE" missed="6" covered="0"/><counter type="COMPLEXITY" missed="2" covered="0"/><counter type="METHOD" missed="1" covered="0"/></method><method name="handleProperties" desc="(Ljava/util/Properties;)V" line="402"><counter type="INSTRUCTION" missed="88" covered="0"/><counter type="BRANCH" missed="26" covered="0"/><counter type="LINE" missed="20" covered="0"/><counter type="COMPLEXITY" missed="14" covered="0"/><counter type="METHOD" missed="1" covered="0"/></method><method name="handleShortAndLongOption" desc="(Ljava/lang/String;)V" line="442"><counter type="INSTRUCTION" missed="182" covered="0"/><counter type="BRANCH" missed="24" covered="0"/><counter type="LINE" missed="38" covered="0"/><counter type="COMPLEXITY" missed="13" covered="0"/><counter type="METHOD" missed="1" covered="0"/></method><method name="handleToken" desc="(Ljava/lang/String;)V" line="511"><counter type="INSTRUCTION" missed="71" covered="0"/><counter type="BRANCH" missed="20" covered="0"/><counter type="LINE" missed="15" covered="0"/><counter type="COMPLEXITY" missed="11" covered="0"/><counter type="METHOD" missed="1" covered="0"/></method><method name="handleUnknownToken" desc="(Ljava/lang/String;)V" line="538"><counter type="INSTRUCTION" missed="35" covered="0"/><counter type="BRANCH" missed="8" covered="0"/><counter type="LINE" missed="6" covered="0"/><counter type="COMPLEXITY" missed="5" covered="0"/><counter type="METHOD" missed="1" covered="0"/></method><method name="isArgument" desc="(Ljava/lang/String;)Z" line="553"><counter type="INSTRUCTION" missed="12" covered="0"/><counter type="BRANCH" missed="4" covered="0"/><counter type="LINE" missed="1" covered="0"/><counter type="COMPLEXITY" missed="3" covered="0"/><counter type="METHOD" missed="1" covered="0"/></method><method name="isJavaProperty" desc="(Ljava/lang/String;)Z" line="560"><counter type="INSTRUCTION" missed="29" covered="0"/><counter type="BRANCH" missed="8" covered="0"/><counter type="LINE" missed="3" covered="0"/><counter type="COMPLEXITY" missed="5" covered="0"/><counter type="METHOD" missed="1" covered="0"/></method><method name="isLongOption" desc="(Ljava/lang/String;)Z" line="571"><counter type="INSTRUCTION" missed="45" covered="0"/><counter type="BRANCH" missed="14" covered="0"/><counter type="LINE" missed="9" covered="0"/><counter type="COMPLEXITY" missed="8" covered="0"/><counter type="METHOD" missed="1" covered="0"/></method><method name="isNegativeNumber" desc="(Ljava/lang/String;)Z" line="594"><counter type="INSTRUCTION" missed="8" covered="0"/><counter type="LINE" missed="4" covered="0"/><counter type="COMPLEXITY" missed="1" covered="0"/><counter type="METHOD" missed="1" covered="0"/></method><method name="isOption" desc="(Ljava/lang/String;)Z" line="607"><counter type="INSTRUCTION" missed="12" covered="0"/><counter type="BRANCH" missed="4" covered="0"/><counter type="LINE" missed="1" covered="0"/><counter type="COMPLEXITY" missed="3" covered="0"/><counter type="METHOD" missed="1" covered="0"/></method><method name="isShortOption" desc="(Ljava/lang/String;)Z" line="617"><counter type="INSTRUCTION" missed="50" covered="0"/><counter type="BRANCH" missed="14" covered="0"/><counter type="LINE" missed="7" covered="0"/><counter type="COMPLEXITY" missed="8" covered="0"/><counter type="METHOD" missed="1" covered="0"/></method><method name="parse" desc="(Lorg/apache/commons/cli/Options;[Ljava/lang/String;)Lorg/apache/commons/cli/CommandLine;" line="632"><counter type="INSTRUCTION" missed="6" covered="0"/><counter type="LINE" missed="1" covered="0"/><counter type="COMPLEXITY" missed="1" covered="0"/><counter type="METHOD" missed="1" covered="0"/></method><method name="parse" desc="(Lorg/apache/commons/cli/Options;[Ljava/lang/String;Z)Lorg/apache/commons/cli/CommandLine;" line="637"><counter type="INSTRUCTION" missed="7" covered="0"/><counter type="LINE" missed="1" covered="0"/><counter type="COMPLEXITY" missed="1" covered="0"/><counter type="METHOD" missed="1" covered="0"/></method><method name="parse" desc="(Lorg/apache/commons/cli/Options;[Ljava/lang/String;Ljava/util/Properties;)Lorg/apache/commons/cli/CommandLine;" line="651"><counter type="INSTRUCTION" missed="7" covered="0"/><counter type="LINE" missed="1" covered="0"/><counter type="COMPLEXITY" missed="1" covered="0"/><counter type="METHOD" missed="1" covered="0"/></method><method name="parse" desc="(Lorg/apache/commons/cli/Options;[Ljava/lang/String;Ljava/util/Properties;Z)Lorg/apache/commons/cli/CommandLine;" line="669"><counter type="INSTRUCTION" missed="70" covered="0"/><counter type="BRANCH" missed="6" covered="0"/><counter type="LINE" missed="16" covered="0"/><counter type="COMPLEXITY" missed="4" covered="0"/><counter type="METHOD" missed="1" covered="0"/></method><method name="stripLeadingAndTrailingQuotesDefaultOff" desc="(Ljava/lang/String;)Ljava/lang/String;" line="707"><counter type="INSTRUCTION" missed="12" covered="0"/><counter type="BRANCH" missed="4" covered="0"/><counter type="LINE" missed="3" covered="0"/><counter type="COMPLEXITY" missed="3" covered="0"/><counter type="METHOD" missed="1" covered="0"/></method><method name="stripLeadingAndTrailingQuotesDefaultOn" desc="(Ljava/lang/String;)Ljava/lang/String;" line="721"><counter type="INSTRUCTION" missed="12" covered="0"/><counter type="BRANCH" missed="4" covered="0"/><counter type="LINE" missed="3" covered="0"/><counter type="COMPLEXITY" missed="3" covered="0"/><counter type="METHOD" missed="1" covered="0"/></method><method name="updateRequiredOptions" desc="(Lorg/apache/commons/cli/Option;)V" line="733"><counter type="INSTRUCTION" missed="31" covered="0"/><counter type="BRANCH" missed="6" covered="0"/><counter type="LINE" missed="8" covered="0"/><counter type="COMPLEXITY" missed="4" covered="0"/><counter type="METHOD" missed="1" covered="0"/></method><counter type="INSTRUCTION" missed="1027" covered="0"/><counter type="BRANCH" missed="194" covered="0"/><counter type="LINE" missed="217" covered="0"/><counter type="COMPLEXITY" missed="127" covered="0"/><counter type="METHOD" missed="30" covered="0"/><counter type="CLASS" missed="1" covered="0"/></class><class name="org/apache/commons/cli/DefaultParser$Builder" sourcefilename="DefaultParser.java"><method name="&lt;init&gt;" desc="()V" line="49"><counter type="INSTRUCTION" missed="6" covered="0"/><counter type="LINE" missed="3" covered="0"/><counter type="COMPLEXITY" missed="1" covered="0"/><counter type="METHOD" missed="1" covered="0"/></method><method name="build" desc="()Lorg/apache/commons/cli/DefaultParser;" line="70"><counter type="INSTRUCTION" missed="9" covered="0"/><counter type="LINE" missed="1" covered="0"/><counter type="COMPLEXITY" missed="1" covered="0"/><counter type="METHOD" missed="1" covered="0"/></method><method name="setAllowPartialMatching" desc="(Z)Lorg/apache/commons/cli/DefaultParser$Builder;" line="96"><counter type="INSTRUCTION" missed="5" covered="0"/><counter type="LINE" missed="2" covered="0"/><counter type="COMPLEXITY" missed="1" covered="0"/><counter type="METHOD" missed="1" covered="0"/></method><method name="setStripLeadingAndTrailingQuotes" desc="(Ljava/lang/Boolean;)Lorg/apache/commons/cli/DefaultParser$Builder;" line="116"><counter type="INSTRUCTION" missed="5" covered="0"/><counter type="LINE" missed="2" covered="0"/><counter type="COMPLEXITY" missed="1" covered="0"/><counter type="METHOD" missed="1" covered="0"/></method><counter type="INSTRUCTION" missed="25" covered="0"/><counter type="LINE" missed="8" covered="0"/><counter type="COMPLEXITY" missed="4" covered="0"/><counter type="METHOD" missed="4" covered="0"/><counter type="CLASS" missed="1" covered="0"/></class><class name="org/apache/commons/cli/ParseException" sourcefilename="ParseException.java"><method name="wrap" desc="(Ljava/lang/Throwable;)Lorg/apache/commons/cli/ParseException;" line="43"><counter type="INSTRUCTION" missed="17" covered="0"/><counter type="BRANCH" missed="4" covered="0"/><counter type="LINE" missed="5" covered="0"/><counter type="COMPLEXITY" missed="3" covered="0"/><counter type="METHOD" missed="1" covered="0"/></method><method name="&lt;init&gt;" desc="(Ljava/lang/String;)V" line="58"><counter type="INSTRUCTION" missed="4" covered="0"/><counter type="LINE" missed="2" covered="0"/><counter type="COMPLEXITY" missed="1" covered="0"/><counter type="METHOD" missed="1" covered="0"/></method><method name="&lt;init&gt;" desc="(Ljava/lang/Throwable;)V" line="66"><counter type="INSTRUCTION" missed="4" covered="0"/><counter type="LINE" missed="2" covered="0"/><counter type="COMPLEXITY" missed="1" covered="0"/><counter type="METHOD" missed="1" covered="0"/></method><counter type="INSTRUCTION" missed="25" covered="0"/><counter type="BRANCH" missed="4" covered="0"/><counter type="LINE" missed="9" covered="0"/><counter type="COMPLEXITY" missed="5" covered="0"/><counter type="METHOD" missed="3" covered="0"/><counter type="CLASS" missed="1" covered="0"/></class><class name="org/apache/commons/cli/OptionValidator" sourcefilename="OptionValidator.java"><method name="&lt;init&gt;" desc="()V" line="25"><counter type="INSTRUCTION" missed="3" covered="0"/><counter type="LINE" missed="1" covered="0"/><counter type="COMPLEXITY" missed="1" covered="0"/><counter type="METHOD" missed="1" covered="0"/></method><method name="isValidChar" desc="(C)Z" line="50"><counter type="INSTRUCTION" missed="11" covered="0"/><counter type="BRANCH" missed="4" covered="0"/><counter type="LINE" missed="1" covered="0"/><counter type="COMPLEXITY" missed="3" covered="0"/><counter type="METHOD" missed="1" covered="0"/></method><method name="isValidOpt" desc="(C)Z" line="71"><counter type="INSTRUCTION" missed="5" covered="6"/><counter type="BRANCH" missed="3" covered="1"/><counter type="LINE" missed="0" covered="1"/><counter type="COMPLEXITY" missed="2" covered="1"/><counter type="METHOD" missed="0" covered="1"/></method><method name="search" desc="([CC)Z" line="81"><counter type="INSTRUCTION" missed="23" covered="0"/><counter type="BRANCH" missed="4" covered="0"/><counter type="LINE" missed="4" covered="0"/><counter type="COMPLEXITY" missed="3" covered="0"/><counter type="METHOD" missed="1" covered="0"/></method><method name="validate" desc="(Ljava/lang/String;)Ljava/lang/String;" line="118"><counter type="INSTRUCTION" missed="49" covered="18"/><counter type="BRANCH" missed="6" covered="4"/><counter type="LINE" missed="4" covered="6"/><counter type="COMPLEXITY" missed="4" covered="2"/><counter type="METHOD" missed="0" covered="1"/></method><method name="&lt;clinit&gt;" desc="()V" line="28"><counter type="INSTRUCTION" missed="0" covered="19"/><counter type="LINE" missed="0" covered="2"/><counter type="COMPLEXITY" missed="0" covered="1"/><counter type="METHOD" missed="0" covered="1"/></method><counter type="INSTRUCTION" missed="91" covered="43"/><counter type="BRANCH" missed="17" covered="5"/><counter type="LINE" missed="10" covered="9"/><counter type="COMPLEXITY" missed="13" covered="4"/><counter type="METHOD" missed="3" covered="3"/><counter type="CLASS" missed="0" covered="1"/></class><class name="org/apache/commons/cli/Options" sourcefilename="Options.java"><method name="&lt;init&gt;" desc="()V" line="39"><counter type="INSTRUCTION" missed="0" covered="23"/><counter type="LINE" missed="0" covered="5"/><counter type="COMPLEXITY" missed="0" covered="1"/><counter type="METHOD" missed="0" covered="1"/></method><method name="addOption" desc="(Lorg/apache/commons/cli/Option;)Lorg/apache/commons/cli/Options;" line="64"><counter type="INSTRUCTION" missed="18" covered="24"/><counter type="BRANCH" missed="4" covered="2"/><counter type="LINE" missed="3" covered="6"/><counter type="COMPLEXITY" missed="3" covered="1"/><counter type="METHOD" missed="0" covered="1"/></method><method name="addOption" desc="(Ljava/lang/String;ZLjava/lang/String;)Lorg/apache/commons/cli/Options;" line="93"><counter type="INSTRUCTION" missed="9" covered="0"/><counter type="LINE" missed="2" covered="0"/><counter type="COMPLEXITY" missed="1" covered="0"/><counter type="METHOD" missed="1" covered="0"/></method><method name="addOption" desc="(Ljava/lang/String;Ljava/lang/String;)Lorg/apache/commons/cli/Options;" line="110"><counter type="INSTRUCTION" missed="9" covered="0"/><counter type="LINE" missed="2" covered="0"/><counter type="COMPLEXITY" missed="1" covered="0"/><counter type="METHOD" missed="1" covered="0"/></method><method name="addOption" desc="(Ljava/lang/String;Ljava/lang/String;ZLjava/lang/String;)Lorg/apache/commons/cli/Options;" line="128"><counter type="INSTRUCTION" missed="12" covered="0"/><counter type="LINE" missed="2" covered="0"/><counter type="COMPLEXITY" missed="1" covered="0"/><counter type="METHOD" missed="1" covered="0"/></method><method name="addOptionGroup" desc="(Lorg/apache/commons/cli/OptionGroup;)Lorg/apache/commons/cli/Options;" line="139"><counter type="INSTRUCTION" missed="36" covered="0"/><counter type="BRANCH" missed="4" covered="0"/><counter type="LINE" missed="8" covered="0"/><counter type="COMPLEXITY" missed="3" covered="0"/><counter type="METHOD" missed="1" covered="0"/></method><method name="addOptions" desc="(Lorg/apache/commons/cli/Options;)Lorg/apache/commons/cli/Options;" line="162"><counter type="INSTRUCTION" missed="41" covered="0"/><counter type="BRANCH" missed="4" covered="0"/><counter type="LINE" missed="7" covered="0"/><counter type="COMPLEXITY" missed="3" covered="0"/><counter type="METHOD" missed="1" covered="0"/></method><method name="addRequiredOption" desc="(Ljava/lang/String;Ljava/lang/String;ZLjava/lang/String;)Lorg/apache/commons/cli/Options;" line="195"><counter type="INSTRUCTION" missed="17" covered="0"/><counter type="LINE" missed="4" covered="0"/><counter type="COMPLEXITY" missed="1" covered="0"/><counter type="METHOD" missed="1" covered="0"/></method><method name="getMatchingOptions" desc="(Ljava/lang/String;)Ljava/util/List;" line="209"><counter type="INSTRUCTION" missed="38" covered="0"/><counter type="BRANCH" missed="6" covered="0"/><counter type="LINE" missed="9" covered="0"/><counter type="COMPLEXITY" missed="4" covered="0"/><counter type="METHOD" missed="1" covered="0"/></method><method name="getOption" desc="(Ljava/lang/String;)Lorg/apache/commons/cli/Option;" line="234"><counter type="INSTRUCTION" missed="19" covered="0"/><counter type="BRANCH" missed="2" covered="0"/><counter type="LINE" missed="3" covered="0"/><counter type="COMPLEXITY" missed="2" covered="0"/><counter type="METHOD" missed="1" covered="0"/></method><method name="getOptionGroup" desc="(Lorg/apache/commons/cli/Option;)Lorg/apache/commons/cli/OptionGroup;" line="246"><counter type="INSTRUCTION" missed="7" covered="0"/><counter type="LINE" missed="1" covered="0"/><counter type="COMPLEXITY" missed="1" covered="0"/><counter type="METHOD" missed="1" covered="0"/></method><method name="getOptionGroups" desc="()Ljava/util/Collection;" line="260"><counter type="INSTRUCTION" missed="7" covered="0"/><counter type="LINE" missed="1" covered="0"/><counter type="COMPLEXITY" missed="1" covered="0"/><counter type="METHOD" missed="1" covered="0"/></method><method name="getOptions" desc="()Ljava/util/Collection;" line="269"><counter type="INSTRUCTION" missed="4" covered="0"/><counter type="LINE" missed="1" covered="0"/><counter type="COMPLEXITY" missed="1" covered="0"/><counter type="METHOD" missed="1" covered="0"/></method><method name="getRequiredOptions" desc="()Ljava/util/List;" line="278"><counter type="INSTRUCTION" missed="4" covered="0"/><counter type="LINE" missed="1" covered="0"/><counter type="COMPLEXITY" missed="1" covered="0"/><counter type="METHOD" missed="1" covered="0"/></method><method name="hasLongOption" desc="(Ljava/lang/String;)Z" line="289"><counter type="INSTRUCTION" missed="8" covered="0"/><counter type="LINE" missed="2" covered="0"/><counter type="COMPLEXITY" missed="1" covered="0"/><counter type="METHOD" missed="1" covered="0"/></method><method name="hasOption" desc="(Ljava/lang/String;)Z" line="300"><counter type="INSTRUCTION" missed="17" covered="0"/><counter type="BRANCH" missed="4" covered="0"/><counter type="LINE" missed="2" covered="0"/><counter type="COMPLEXITY" missed="3" covered="0"/><counter type="METHOD" missed="1" covered="0"/></method><method name="hasShortOption" desc="(Ljava/lang/String;)Z" line="312"><counter type="INSTRUCTION" missed="8" covered="0"/><counter type="LINE" missed="2" covered="0"/><counter type="COMPLEXITY" missed="1" covered="0"/><counter type="METHOD" missed="1" covered="0"/></method><method name="helpOptions" desc="()Ljava/util/List;" line="322"><counter type="INSTRUCTION" missed="0" covered="7"/><counter type="LINE" missed="0" covered="1"/><counter type="COMPLEXITY" missed="0" covered="1"/><counter type="METHOD" missed="0" covered="1"/></method><method name="toString" desc="()Ljava/lang/String;" line="332"><counter type="INSTRUCTION" missed="30" covered="0"/><counter type="LINE" missed="7" covered="0"/><counter type="COMPLEXITY" missed="1" covered="0"/><counter type="METHOD" missed="1" covered="0"/></method><counter type="INSTRUCTION" missed="284" covered="54"/><counter type="BRANCH" missed="24" covered="2"/><counter type="LINE" missed="57" covered="12"/><counter type="COMPLEXITY" missed="29" covered="3"/><counter type="METHOD" missed="16" covered="3"/><counter type="CLASS" missed="0" covered="1"/></class><class name="org/apache/commons/cli/Option" sourcefilename="Option.java"><method name="builder" desc="()Lorg/apache/commons/cli/Option$Builder;" line="312"><counter type="INSTRUCTION" missed="0" covered="3"/><counter type="LINE" missed="0" covered="1"/><counter type="COMPLEXITY" missed="0" covered="1"/><counter type="METHOD" missed="0" covered="1"/></method><method name="builder" desc="(Ljava/lang/String;)Lorg/apache/commons/cli/Option$Builder;" line="324"><counter type="INSTRUCTION" missed="0" covered="6"/><counter type="LINE" missed="0" covered="1"/><counter type="COMPLEXITY" missed="0" covered="1"/><counter type="METHOD" missed="0" covered="1"/></method><method name="&lt;init&gt;" desc="(Lorg/apache/commons/cli/Option$Builder;)V" line="346"><counter type="INSTRUCTION" missed="0" covered="54"/><counter type="LINE" missed="0" covered="15"/><counter type="COMPLEXITY" missed="0" covered="1"/><counter type="METHOD" missed="0" covered="1"/></method><method name="&lt;init&gt;" desc="(Ljava/lang/String;ZLjava/lang/String;)V" line="388"><counter type="INSTRUCTION" missed="7" covered="0"/><counter type="LINE" missed="2" covered="0"/><counter type="COMPLEXITY" missed="1" covered="0"/><counter type="METHOD" missed="1" covered="0"/></method><method name="&lt;init&gt;" desc="(Ljava/lang/String;Ljava/lang/String;)V" line="400"><counter type="INSTRUCTION" missed="7" covered="0"/><counter type="LINE" missed="2" covered="0"/><counter type="COMPLEXITY" missed="1" covered="0"/><counter type="METHOD" missed="1" covered="0"/></method><method name="&lt;init&gt;" desc="(Ljava/lang/String;Ljava/lang/String;ZLjava/lang/String;)V" line="346"><counter type="INSTRUCTION" missed="29" covered="0"/><counter type="BRANCH" missed="2" covered="0"/><counter type="LINE" missed="10" covered="0"/><counter type="COMPLEXITY" missed="2" covered="0"/><counter type="METHOD" missed="1" covered="0"/></method><method name="acceptsArg" desc="()Z" line="433"><counter type="INSTRUCTION" missed="22" covered="0"/><counter type="BRANCH" missed="10" covered="0"/><counter type="LINE" missed="1" covered="0"/><counter type="COMPLEXITY" missed="6" covered="0"/><counter type="METHOD" missed="1" covered="0"/></method><method name="add" desc="(Ljava/lang/String;)V" line="445"><counter type="INSTRUCTION" missed="14" covered="0"/><counter type="BRANCH" missed="2" covered="0"/><counter type="LINE" missed="4" covered="0"/><counter type="COMPLEXITY" missed="2" covered="0"/><counter type="METHOD" missed="1" covered="0"/></method><method name="addValue" desc="(Ljava/lang/String;)Z" line="463"><counter type="INSTRUCTION" missed="5" covered="0"/><counter type="LINE" missed="1" covered="0"/><counter type="COMPLEXITY" missed="1" covered="0"/><counter type="METHOD" missed="1" covered="0"/></method><method name="addValueForProcessing" desc="(Ljava/lang/String;)V" line="473"><counter type="INSTRUCTION" missed="13" covered="0"/><counter type="BRANCH" missed="2" covered="0"/><counter type="LINE" missed="4" covered="0"/><counter type="COMPLEXITY" missed="2" covered="0"/><counter type="METHOD" missed="1" covered="0"/></method><method name="clearValues" desc="()V" line="486"><counter type="INSTRUCTION" missed="4" covered="0"/><counter type="LINE" missed="2" covered="0"/><counter type="COMPLEXITY" missed="1" covered="0"/><counter type="METHOD" missed="1" covered="0"/></method><method name="clone" desc="()Ljava/lang/Object;" line="501"><counter type="INSTRUCTION" missed="21" covered="0"/><counter type="LINE" missed="5" covered="0"/><counter type="COMPLEXITY" missed="1" covered="0"/><counter type="METHOD" missed="1" covered="0"/></method><method name="equals" desc="(Ljava/lang/Object;)Z" line="511"><counter type="INSTRUCTION" missed="29" covered="0"/><counter type="BRANCH" missed="8" covered="0"/><counter type="LINE" missed="6" covered="0"/><counter type="COMPLEXITY" missed="5" covered="0"/><counter type="METHOD" missed="1" covered="0"/></method><method name="getArgName" desc="()Ljava/lang/String;" line="527"><counter type="INSTRUCTION" missed="0" covered="3"/><counter type="LINE" missed="0" covered="1"/><counter type="COMPLEXITY" missed="0" covered="1"/><counter type="METHOD" missed="0" covered="1"/></method><method name="getArgs" desc="()I" line="544"><counter type="INSTRUCTION" missed="3" covered="0"/><counter type="LINE" missed="1" covered="0"/><counter type="COMPLEXITY" missed="1" covered="0"/><counter type="METHOD" missed="1" covered="0"/></method><method name="getConverter" desc="()Lorg/apache/commons/cli/Converter;" line="553"><counter type="INSTRUCTION" missed="10" covered="0"/><counter type="BRANCH" missed="2" covered="0"/><counter type="LINE" missed="1" covered="0"/><counter type="COMPLEXITY" missed="2" covered="0"/><counter type="METHOD" missed="1" covered="0"/></method><method name="getDescription" desc="()Ljava/lang/String;" line="562"><counter type="INSTRUCTION" missed="0" covered="3"/><counter type="LINE" missed="0" covered="1"/><counter type="COMPLEXITY" missed="0" covered="1"/><counter type="METHOD" missed="0" covered="1"/></method><method name="getId" desc="()I" line="572"><counter type="INSTRUCTION" missed="5" covered="0"/><counter type="LINE" missed="1" covered="0"/><counter type="COMPLEXITY" missed="1" covered="0"/><counter type="METHOD" missed="1" covered="0"/></method><method name="getKey" desc="()Ljava/lang/String;" line="582"><counter type="INSTRUCTION" missed="0" covered="9"/><counter type="BRANCH" missed="0" covered="2"/><counter type="LINE" missed="0" covered="1"/><counter type="COMPLEXITY" missed="0" covered="2"/><counter type="METHOD" missed="0" covered="1"/></method><method name="getLongOpt" desc="()Ljava/lang/String;" line="591"><counter type="INSTRUCTION" missed="0" covered="3"/><counter type="LINE" missed="0" covered="1"/><counter type="COMPLEXITY" missed="0" covered="1"/><counter type="METHOD" missed="0" covered="1"/></method><method name="getOpt" desc="()Ljava/lang/String;" line="603"><counter type="INSTRUCTION" missed="0" covered="3"/><counter type="LINE" missed="0" covered="1"/><counter type="COMPLEXITY" missed="0" covered="1"/><counter type="METHOD" missed="0" covered="1"/></method><method name="getType" desc="()Ljava/lang/Object;" line="612"><counter type="INSTRUCTION" missed="3" covered="0"/><counter type="LINE" missed="1" covered="0"/><counter type="COMPLEXITY" missed="1" covered="0"/><counter type="METHOD" missed="1" covered="0"/></method><method name="getValue" desc="()Ljava/lang/String;" line="621"><counter type="INSTRUCTION" missed="11" covered="0"/><counter type="BRANCH" missed="2" covered="0"/><counter type="LINE" missed="1" covered="0"/><counter type="COMPLEXITY" missed="2" covered="0"/><counter type="METHOD" missed="1" covered="0"/></method><method name="getValue" desc="(I)Ljava/lang/String;" line="634"><counter type="INSTRUCTION" missed="11" covered="0"/><counter type="BRANCH" missed="2" covered="0"/><counter type="LINE" missed="1" covered="0"/><counter type="COMPLEXITY" missed="2" covered="0"/><counter type="METHOD" missed="1" covered="0"/></method><method name="getValue" desc="(Ljava/lang/String;)Ljava/lang/String;" line="645"><counter type="INSTRUCTION" missed="9" covered="0"/><counter type="BRANCH" missed="2" covered="0"/><counter type="LINE" missed="2" covered="0"/><counter type="COMPLEXITY" missed="2" covered="0"/><counter type="METHOD" missed="1" covered="0"/></method><method name="getValues" desc="()[Ljava/lang/String;" line="656"><counter type="INSTRUCTION" missed="11" covered="0"/><counter type="BRANCH" missed="2" covered="0"/><counter type="LINE" missed="1" covered="0"/><counter type="COMPLEXITY" missed="2" covered="0"/><counter type="METHOD" missed="1" covered="0"/></method><method name="getValueSeparator" desc="()C" line="665"><counter type="INSTRUCTION" missed="3" covered="0"/><counter type="LINE" missed="1" covered="0"/><counter type="COMPLEXITY" missed="1" covered="0"/><counter type="METHOD" missed="1" covered="0"/></method><method name="getValuesList" desc="()Ljava/util/List;" line="674"><counter type="INSTRUCTION" missed="3" covered="0"/><counter type="LINE" missed="1" covered="0"/><counter type="COMPLEXITY" missed="1" covered="0"/><counter type="METHOD" missed="1" covered="0"/></method><method name="hasArg" desc="()Z" line="683"><counter type="INSTRUCTION" missed="0" covered="11"/><counter type="BRANCH" missed="1" covered="3"/><counter type="LINE" missed="0" covered="1"/><counter type="COMPLEXITY" missed="1" covered="2"/><counter type="METHOD" missed="0" covered="1"/></method><method name="hasArgName" desc="()Z" line="692"><counter type="INSTRUCTION" missed="11" covered="0"/><counter type="BRANCH" missed="4" covered="0"/><counter type="LINE" missed="1" covered="0"/><counter type="COMPLEXITY" missed="3" covered="0"/><counter type="METHOD" missed="1" covered="0"/></method><method name="hasArgs" desc="()Z" line="701"><counter type="INSTRUCTION" missed="12" covered="0"/><counter type="BRANCH" missed="4" covered="0"/><counter type="LINE" missed="1" covered="0"/><counter type="COMPLEXITY" missed="3" covered="0"/><counter type="METHOD" missed="1" covered="0"/></method><method name="hashCode" desc="()I" line="706"><counter type="INSTRUCTION" missed="14" covered="0"/><counter type="LINE" missed="1" covered="0"/><counter type="COMPLEXITY" missed="1" covered="0"/><counter type="METHOD" missed="1" covered="0"/></method><method name="hasLongOpt" desc="()Z" line="715"><counter type="INSTRUCTION" missed="1" covered="6"/><counter type="BRANCH" missed="1" covered="1"/><counter type="LINE" missed="0" covered="1"/><counter type="COMPLEXITY" missed="1" covered="1"/><counter type="METHOD" missed="0" covered="1"/></method><method name="hasNoValues" desc="()Z" line="724"><counter type="INSTRUCTION" missed="4" covered="0"/><counter type="LINE" missed="1" covered="0"/><counter type="COMPLEXITY" missed="1" covered="0"/><counter type="METHOD" missed="1" covered="0"/></method><method name="hasOptionalArg" desc="()Z" line="733"><counter type="INSTRUCTION" missed="3" covered="0"/><counter type="LINE" missed="1" covered="0"/><counter type="COMPLEXITY" missed="1" covered="0"/><counter type="METHOD" missed="1" covered="0"/></method><method name="hasValueSeparator" desc="()Z" line="743"><counter type="INSTRUCTION" missed="7" covered="0"/><counter type="BRANCH" missed="2" covered="0"/><counter type="LINE" missed="1" covered="0"/><counter type="COMPLEXITY" missed="2" covered="0"/><counter type="METHOD" missed="1" covered="0"/></method><method name="isRequired" desc="()Z" line="752"><counter type="INSTRUCTION" missed="0" covered="3"/><counter type="LINE" missed="0" covered="1"/><counter type="COMPLEXITY" missed="0" covered="1"/><counter type="METHOD" missed="0" covered="1"/></method><method name="processValue" desc="(Ljava/lang/String;)V" line="765"><counter type="INSTRUCTION" missed="45" covered="0"/><counter type="BRANCH" missed="6" covered="0"/><counter type="LINE" missed="12" covered="0"/><counter type="COMPLEXITY" missed="4" covered="0"/><counter type="METHOD" missed="1" covered="0"/></method><method name="requiresArg" desc="()Z" line="803"><counter type="INSTRUCTION" missed="16" covered="0"/><counter type="BRANCH" missed="4" covered="0"/><counter type="LINE" missed="5" covered="0"/><counter type="COMPLEXITY" missed="3" covered="0"/><counter type="METHOD" missed="1" covered="0"/></method><method name="setArgName" desc="(Ljava/lang/String;)V" line="818"><counter type="INSTRUCTION" missed="4" covered="0"/><counter type="LINE" missed="2" covered="0"/><counter type="COMPLEXITY" missed="1" covered="0"/><counter type="METHOD" missed="1" covered="0"/></method><method name="setArgs" desc="(I)V" line="827"><counter type="INSTRUCTION" missed="4" covered="0"/><counter type="LINE" missed="2" covered="0"/><counter type="COMPLEXITY" missed="1" covered="0"/><counter type="METHOD" missed="1" covered="0"/></method><method name="setConverter" desc="(Lorg/apache/commons/cli/Converter;)V" line="836"><counter type="INSTRUCTION" missed="4" covered="0"/><counter type="LINE" missed="2" covered="0"/><counter type="COMPLEXITY" missed="1" covered="0"/><counter type="METHOD" missed="1" covered="0"/></method><method name="setDescription" desc="(Ljava/lang/String;)V" line="846"><counter type="INSTRUCTION" missed="4" covered="0"/><counter type="LINE" missed="2" covered="0"/><counter type="COMPLEXITY" missed="1" covered="0"/><counter type="METHOD" missed="1" covered="0"/></method><method name="setLongOpt" desc="(Ljava/lang/String;)V" line="855"><counter type="INSTRUCTION" missed="4" covered="0"/><counter type="LINE" missed="2" covered="0"/><counter type="COMPLEXITY" missed="1" covered="0"/><counter type="METHOD" missed="1" covered="0"/></method><method name="setOptionalArg" desc="(Z)V" line="864"><counter type="INSTRUCTION" missed="4" covered="0"/><counter type="LINE" missed="2" covered="0"/><counter type="COMPLEXITY" missed="1" covered="0"/><counter type="METHOD" missed="1" covered="0"/></method><method name="setRequired" desc="(Z)V" line="873"><counter type="INSTRUCTION" missed="4" covered="0"/><counter type="LINE" missed="2" covered="0"/><counter type="COMPLEXITY" missed="1" covered="0"/><counter type="METHOD" missed="1" covered="0"/></method><method name="setType" desc="(Ljava/lang/Class;)V" line="883"><counter type="INSTRUCTION" missed="4" covered="0"/><counter type="LINE" missed="2" covered="0"/><counter type="COMPLEXITY" missed="1" covered="0"/><counter type="METHOD" missed="1" covered="0"/></method><method name="setType" desc="(Ljava/lang/Object;)V" line="898"><counter type="INSTRUCTION" missed="5" covered="0"/><counter type="LINE" missed="2" covered="0"/><counter type="COMPLEXITY" missed="1" covered="0"/><counter type="METHOD" missed="1" covered="0"/></method><method name="setValueSeparator" desc="(C)V" line="907"><counter type="INSTRUCTION" missed="4" covered="0"/><counter type="LINE" missed="2" covered="0"/><counter type="COMPLEXITY" missed="1" covered="0"/><counter type="METHOD" missed="1" covered="0"/></method><method name="toString" desc="()Ljava/lang/String;" line="917"><counter type="INSTRUCTION" missed="64" covered="0"/><counter type="BRANCH" missed="8" covered="0"/><counter type="LINE" missed="14" covered="0"/><counter type="COMPLEXITY" missed="5" covered="0"/><counter type="METHOD" missed="1" covered="0"/></method><method name="&lt;clinit&gt;" desc="()V" line="303"><counter type="INSTRUCTION" missed="0" covered="4"/><counter type="LINE" missed="0" covered="1"/><counter type="COMPLEXITY" missed="0" covered="1"/><counter type="METHOD" missed="0" covered="1"/></method><counter type="INSTRUCTION" missed="438" covered="108"/><counter type="BRANCH" missed="64" covered="6"/><counter type="LINE" missed="102" covered="26"/><counter type="COMPLEXITY" missed="72" covered="14"/><counter type="METHOD" missed="39" covered="12"/><counter type="CLASS" missed="0" covered="1"/></class><class name="org/apache/commons/cli/OptionBuilder" sourcefilename="OptionBuilder.java"><method name="create" desc="()Lorg/apache/commons/cli/Option;" line="74"><counter type="INSTRUCTION" missed="11" covered="0"/><counter type="BRANCH" missed="2" covered="0"/><counter type="LINE" missed="4" covered="0"/><counter type="COMPLEXITY" missed="2" covered="0"/><counter type="METHOD" missed="1" covered="0"/></method><method name="create" desc="(C)Lorg/apache/commons/cli/Option;" line="90"><counter type="INSTRUCTION" missed="4" covered="0"/><counter type="LINE" missed="1" covered="0"/><counter type="COMPLEXITY" missed="1" covered="0"/><counter type="METHOD" missed="1" covered="0"/></method><method name="create" desc="(Ljava/lang/String;)Lorg/apache/commons/cli/Option;" line="104"><counter type="INSTRUCTION" missed="34" covered="0"/><counter type="LINE" missed="11" covered="0"/><counter type="COMPLEXITY" missed="1" covered="0"/><counter type="METHOD" missed="1" covered="0"/></method><method name="hasArg" desc="()Lorg/apache/commons/cli/OptionBuilder;" line="130"><counter type="INSTRUCTION" missed="4" covered="0"/><counter type="LINE" missed="2" covered="0"/><counter type="COMPLEXITY" missed="1" covered="0"/><counter type="METHOD" missed="1" covered="0"/></method><method name="hasArg" desc="(Z)Lorg/apache/commons/cli/OptionBuilder;" line="142"><counter type="INSTRUCTION" missed="8" covered="0"/><counter type="BRANCH" missed="2" covered="0"/><counter type="LINE" missed="2" covered="0"/><counter type="COMPLEXITY" missed="2" covered="0"/><counter type="METHOD" missed="1" covered="0"/></method><method name="hasArgs" desc="()Lorg/apache/commons/cli/OptionBuilder;" line="153"><counter type="INSTRUCTION" missed="4" covered="0"/><counter type="LINE" missed="2" covered="0"/><counter type="COMPLEXITY" missed="1" covered="0"/><counter type="METHOD" missed="1" covered="0"/></method><method name="hasArgs" desc="(I)Lorg/apache/commons/cli/OptionBuilder;" line="165"><counter type="INSTRUCTION" missed="4" covered="0"/><counter type="LINE" missed="2" covered="0"/><counter type="COMPLEXITY" missed="1" covered="0"/><counter type="METHOD" missed="1" covered="0"/></method><method name="hasOptionalArg" desc="()Lorg/apache/commons/cli/OptionBuilder;" line="176"><counter type="INSTRUCTION" missed="6" covered="0"/><counter type="LINE" missed="3" covered="0"/><counter type="COMPLEXITY" missed="1" covered="0"/><counter type="METHOD" missed="1" covered="0"/></method><method name="hasOptionalArgs" desc="()Lorg/apache/commons/cli/OptionBuilder;" line="188"><counter type="INSTRUCTION" missed="6" covered="0"/><counter type="LINE" missed="3" covered="0"/><counter type="COMPLEXITY" missed="1" covered="0"/><counter type="METHOD" missed="1" covered="0"/></method><method name="hasOptionalArgs" desc="(I)Lorg/apache/commons/cli/OptionBuilder;" line="201"><counter type="INSTRUCTION" missed="6" covered="0"/><counter type="LINE" missed="3" covered="0"/><counter type="COMPLEXITY" missed="1" covered="0"/><counter type="METHOD" missed="1" covered="0"/></method><method name="isRequired" desc="()Lorg/apache/commons/cli/OptionBuilder;" line="213"><counter type="INSTRUCTION" missed="4" covered="0"/><counter type="LINE" missed="2" covered="0"/><counter type="COMPLEXITY" missed="1" covered="0"/><counter type="METHOD" missed="1" covered="0"/></method><method name="isRequired" desc="(Z)Lorg/apache/commons/cli/OptionBuilder;" line="225"><counter type="INSTRUCTION" missed="4" covered="0"/><counter type="LINE" missed="2" covered="0"/><counter type="COMPLEXITY" missed="1" covered="0"/><counter type="METHOD" missed="1" covered="0"/></method><method name="reset" desc="()V" line="234"><counter type="INSTRUCTION" missed="17" covered="0"/><counter type="LINE" missed="9" covered="0"/><counter type="COMPLEXITY" missed="1" covered="0"/><counter type="METHOD" missed="1" covered="0"/></method><method name="withArgName" desc="(Ljava/lang/String;)Lorg/apache/commons/cli/OptionBuilder;" line="251"><counter type="INSTRUCTION" missed="4" covered="0"/><counter type="LINE" missed="2" covered="0"/><counter type="COMPLEXITY" missed="1" covered="0"/><counter type="METHOD" missed="1" covered="0"/></method><method name="withDescription" desc="(Ljava/lang/String;)Lorg/apache/commons/cli/OptionBuilder;" line="263"><counter type="INSTRUCTION" missed="4" covered="0"/><counter type="LINE" missed="2" covered="0"/><counter type="COMPLEXITY" missed="1" covered="0"/><counter type="METHOD" missed="1" covered="0"/></method><method name="withLongOpt" desc="(Ljava/lang/String;)Lorg/apache/commons/cli/OptionBuilder;" line="275"><counter type="INSTRUCTION" missed="4" covered="0"/><counter type="LINE" missed="2" covered="0"/><counter type="COMPLEXITY" missed="1" covered="0"/><counter type="METHOD" missed="1" covered="0"/></method><method name="withType" desc="(Ljava/lang/Class;)Lorg/apache/commons/cli/OptionBuilder;" line="288"><counter type="INSTRUCTION" missed="4" covered="0"/><counter type="LINE" missed="2" covered="0"/><counter type="COMPLEXITY" missed="1" covered="0"/><counter type="METHOD" missed="1" covered="0"/></method><method name="withType" desc="(Ljava/lang/Object;)Lorg/apache/commons/cli/OptionBuilder;" line="305"><counter type="INSTRUCTION" missed="4" covered="0"/><counter type="LINE" missed="1" covered="0"/><counter type="COMPLEXITY" missed="1" covered="0"/><counter type="METHOD" missed="1" covered="0"/></method><method name="withValueSeparator" desc="()Lorg/apache/commons/cli/OptionBuilder;" line="324"><counter type="INSTRUCTION" missed="4" covered="0"/><counter type="LINE" missed="2" covered="0"/><counter type="COMPLEXITY" missed="1" covered="0"/><counter type="METHOD" missed="1" covered="0"/></method><method name="withValueSeparator" desc="(C)Lorg/apache/commons/cli/OptionBuilder;" line="348"><counter type="INSTRUCTION" missed="4" covered="0"/><counter type="LINE" missed="2" covered="0"/><counter type="COMPLEXITY" missed="1" covered="0"/><counter type="METHOD" missed="1" covered="0"/></method><method name="&lt;clinit&gt;" desc="()V" line="48"><counter type="INSTRUCTION" missed="8" covered="0"/><counter type="LINE" missed="4" covered="0"/><counter type="COMPLEXITY" missed="1" covered="0"/><counter type="METHOD" missed="1" covered="0"/></method><counter type="INSTRUCTION" missed="148" covered="0"/><counter type="BRANCH" missed="4" covered="0"/><counter type="LINE" missed="63" covered="0"/><counter type="COMPLEXITY" missed="23" covered="0"/><counter type="METHOD" missed="21" covered="0"/><counter type="CLASS" missed="1" covered="0"/></class><class name="org/apache/commons/cli/Parser" sourcefilename="Parser.java"><method name="&lt;init&gt;" desc="()V" line="33"><counter type="INSTRUCTION" missed="3" covered="0"/><counter type="LINE" missed="1" covered="0"/><counter type="COMPLEXITY" missed="1" covered="0"/><counter type="METHOD" missed="1" covered="0"/></method><method name="checkRequiredOptions" desc="()V" line="50"><counter type="INSTRUCTION" missed="11" covered="0"/><counter type="BRANCH" missed="2" covered="0"/><counter type="LINE" missed="3" covered="0"/><counter type="COMPLEXITY" missed="2" covered="0"/><counter type="METHOD" missed="1" covered="0"/></method><method name="getOptions" desc="()Lorg/apache/commons/cli/Options;" line="72"><counter type="INSTRUCTION" missed="3" covered="0"/><counter type="LINE" missed="1" covered="0"/><counter type="COMPLEXITY" missed="1" covered="0"/><counter type="METHOD" missed="1" covered="0"/></method><method name="getRequiredOptions" desc="()Ljava/util/List;" line="81"><counter type="INSTRUCTION" missed="3" covered="0"/><counter type="LINE" missed="1" covered="0"/><counter type="COMPLEXITY" missed="1" covered="0"/><counter type="METHOD" missed="1" covered="0"/></method><method name="parse" desc="(Lorg/apache/common
[...]
e nr="278" mi="3" ci="0" mb="0" cb="0"/><line nr="281" mi="3" ci="0" mb="2" cb="0"/><line nr="282" mi="4" ci="0" mb="0" cb="0"/><line nr="286" mi="4" ci="0" mb="0" cb="0"/><line nr="287" mi="1" ci="0" mb="0" cb="0"/><line nr="296" mi="2" ci="0" mb="2" cb="0"/><line nr="297" mi="1" ci="0" mb="0" cb="0"/><line nr="300" mi="6" ci="0" mb="2" cb="0"/><line nr="301" mi="4" ci="0" mb="0" cb="0"/><line nr="303" mi="5" ci="0" mb="0" cb="0"/><line nr="304" mi="2" ci="0" mb="2" cb="0"/><line nr="305" mi="6" ci="0" mb="0" cb="0"/><line nr="309" mi="5" ci="0" mb="0" cb="0"/><line nr="310" mi="9" ci="0" mb="4" cb="0"/><line nr="312" mi="7" ci="0" mb="4" cb="0"/><line nr="314" mi="4" ci="0" mb="0" cb="0"/><line nr="316" mi="3" ci="0" mb="2" cb="0"/><line nr="317" mi="7" ci="0" mb="4" cb="0"/><line nr="319" mi="3" ci="0" mb="0" cb="0"/><line nr="320" mi="1" ci="0" mb="0" cb="0"/><line nr="322" mi="2" ci="0" mb="0" cb="0"/><line nr="324" mi="12" ci="0" mb="6" cb="0"/><line nr="327" mi="1" ci="0" mb="0" cb="0"/><line nr="330" mi="4" ci="0" mb="0" cb="0"/><line nr="331" mi="3" ci="0" mb="0" cb="0"/><line nr="333" mi="1" ci="0" mb="0" cb="0"/><line nr="334" mi="1" ci="0" mb="0" cb="0"/><line nr="342" mi="3" ci="0" mb="0" cb="0"/><line nr="343" mi="7" ci="0" mb="0" cb="0"/><line nr="344" mi="1" ci="0" mb="0" cb="0"/><line nr="354" mi="3" ci="0" mb="2" cb="0"/><line nr="355" mi="6" ci="0" mb="0" cb="0"/><line nr="360" mi="5" ci="0" mb="2" cb="0"/><line nr="361" mi="5" ci="0" mb="0" cb="0"/><line nr="363" mi="3" ci="0" mb="2" cb="0"/><line nr="364" mi="5" ci="0" mb="0" cb="0"/><line nr="367" mi="3" ci="0" mb="0" cb="0"/><line nr="369" mi="1" ci="0" mb="0" cb="0"/><counter type="INSTRUCTION" missed="398" covered="0"/><counter type="BRANCH" missed="76" covered="0"/><counter type="LINE" missed="102" covered="0"/><counter type="COMPLEXITY" missed="51" covered="0"/><counter type="METHOD" missed="13" covered="0"/><counter type="CLASS" missed="1" covered="0"/></sourcefile><sourcefile name="MissingOptionException.java"><line nr="37" mi="5" ci="0" mb="0" cb="0"/><line nr="38" mi="10" ci="0" mb="2" cb="0"/><line nr="39" mi="4" ci="0" mb="0" cb="0"/><line nr="41" mi="3" ci="0" mb="0" cb="0"/><line nr="42" mi="3" ci="0" mb="2" cb="0"/><line nr="43" mi="5" ci="0" mb="0" cb="0"/><line nr="44" mi="3" ci="0" mb="2" cb="0"/><line nr="45" mi="5" ci="0" mb="0" cb="0"/><line nr="49" mi="3" ci="0" mb="0" cb="0"/><line nr="62" mi="4" ci="0" mb="0" cb="0"/><line nr="63" mi="3" ci="0" mb="0" cb="0"/><line nr="64" mi="1" ci="0" mb="0" cb="0"/><line nr="72" mi="3" ci="0" mb="0" cb="0"/><line nr="73" mi="1" ci="0" mb="0" cb="0"/><line nr="83" mi="3" ci="0" mb="0" cb="0"/><counter type="INSTRUCTION" missed="56" covered="0"/><counter type="BRANCH" missed="6" covered="0"/><counter type="LINE" missed="15" covered="0"/><counter type="COMPLEXITY" missed="7" covered="0"/><counter type="METHOD" missed="4" covered="0"/><counter type="CLASS" missed="1" covered="0"/></sourcefile><sourcefile name="HelpFormatter.java"><line nr="66" mi="0" ci="2" mb="0" cb="0"/><line nr="86" mi="0" ci="6" mb="0" cb="0"/><line nr="123" mi="0" ci="3" mb="0" cb="0"/><line nr="131" mi="0" ci="3" mb="0" cb="0"/><line nr="139" mi="0" ci="3" mb="0" cb="0"/><line nr="147" mi="0" ci="3" mb="0" cb="0"/><line nr="155" mi="0" ci="1" mb="0" cb="0"/><line nr="156" mi="0" ci="2" mb="0" cb="0"/><line nr="163" mi="0" ci="3" mb="0" cb="0"/><line nr="171" mi="0" ci="3" mb="0" cb="0"/><line nr="179" mi="0" ci="3" mb="0" cb="0"/><line nr="187" mi="0" ci="6" mb="0" cb="0"/><line nr="192" mi="0" ci="4" mb="0" cb="0"/><line nr="202" mi="2" ci="0" mb="2" cb="0"/><line nr="203" mi="4" ci="0" mb="0" cb="0"/><line nr="206" mi="3" ci="0" mb="2" cb="0"/><line nr="207" mi="8" ci="0" mb="0" cb="0"/><line nr="209" mi="7" ci="0" mb="0" cb="0"/><line nr="213" mi="10" ci="0" mb="6" cb="0"/><line nr="214" mi="10" ci="0" mb="2" cb="0"/><line nr="215" mi="15" ci="0" mb="2" cb="0"/><line nr="219" mi="2" ci="0" mb="2" cb="0"/><line nr="220" mi="4" ci="0" mb="0" cb="0"/><line nr="222" mi="1" ci="0" mb="0" cb="0"/><line nr="233" mi="3" ci="0" mb="2" cb="0"/><line nr="234" mi="4" ci="0" mb="0" cb="0"/><line nr="237" mi="6" ci="0" mb="0" cb="0"/><line nr="238" mi="3" ci="0" mb="2" cb="0"/><line nr="239" mi="4" ci="0" mb="0" cb="0"/><line nr="242" mi="6" ci="0" mb="2" cb="0"/><line nr="244" mi="7" ci="0" mb="0" cb="0"/><line nr="246" mi="3" ci="0" mb="2" cb="0"/><line nr="247" mi="5" ci="0" mb="0" cb="0"/><line nr="251" mi="3" ci="0" mb="2" cb="0"/><line nr="252" mi="4" ci="0" mb="0" cb="0"/><line nr="254" mi="1" ci="0" mb="0" cb="0"/><line nr="264" mi="0" ci="3" mb="0" cb="0"/><line nr="265" mi="0" ci="3" mb="0" cb="0"/><line nr="267" mi="0" ci="5" mb="0" cb="0"/><line nr="282" mi="0" ci="5" mb="0" cb="0"/><line nr="283" mi="3" ci="3" mb="3" cb="1"/><line nr="284" mi="4" ci="0" mb="0" cb="0"/><line nr="287" mi="0" ci="5" mb="0" cb="0"/><line nr="288" mi="3" ci="3" mb="3" cb="1"/><line nr="289" mi="4" ci="0" mb="0" cb="0"/><line nr="292" mi="0" ci="6" mb="0" cb="2"/><line nr="293" mi="0" ci="2" mb="0" cb="0"/><line nr="297" mi="2" ci="7" mb="1" cb="1"/><line nr="298" mi="4" ci="0" mb="0" cb="0"/><line nr="299" mi="9" ci="0" mb="6" cb="0"/><line nr="300" mi="1" ci="0" mb="0" cb="0"/><line nr="305" mi="0" ci="3" mb="1" cb="1"/><line nr="306" mi="2" ci="0" mb="0" cb="0"/><line nr="310" mi="0" ci="4" mb="0" cb="0"/><line nr="312" mi="2" ci="6" mb="1" cb="1"/><line nr="321" mi="3" ci="0" mb="0" cb="0"/><line nr="330" mi="3" ci="0" mb="0" cb="0"/><line nr="339" mi="3" ci="0" mb="0" cb="0"/><line nr="348" mi="0" ci="3" mb="0" cb="0"/><line nr="358" mi="3" ci="0" mb="0" cb="0"/><line nr="367" mi="0" ci="3" mb="0" cb="0"/><line nr="378" mi="0" ci="3" mb="0" cb="0"/><line nr="387" mi="0" ci="3" mb="0" cb="0"/><line nr="396" mi="3" ci="0" mb="0" cb="0"/><line nr="405" mi="3" ci="0" mb="0" cb="0"/><line nr="419" mi="8" ci="0" mb="0" cb="0"/><line nr="420" mi="1" ci="0" mb="0" cb="0"/><line nr="435" mi="5" ci="0" mb="0" cb="0"/><line nr="437" mi="13" ci="0" mb="0" cb="0"/><line nr="438" mi="2" ci="0" mb="0" cb="0"/><line nr="439" mi="1" ci="0" mb="0" cb="0"/><line nr="457" mi="11" ci="0" mb="0" cb="0"/><line nr="458" mi="1" ci="0" mb="0" cb="0"/><line nr="477" mi="5" ci="0" mb="4" cb="0"/><line nr="478" mi="5" ci="0" mb="0" cb="0"/><line nr="481" mi="2" ci="0" mb="2" cb="0"/><line nr="482" mi="7" ci="0" mb="0" cb="0"/><line nr="484" mi="5" ci="0" mb="0" cb="0"/><line nr="487" mi="5" ci="0" mb="4" cb="0"/><line nr="488" mi="5" ci="0" mb="0" cb="0"/><line nr="491" mi="7" ci="0" mb="0" cb="0"/><line nr="493" mi="5" ci="0" mb="4" cb="0"/><line nr="494" mi="5" ci="0" mb="0" cb="0"/><line nr="496" mi="1" ci="0" mb="0" cb="0"/><line nr="506" mi="9" ci="0" mb="0" cb="0"/><line nr="507" mi="1" ci="0" mb="0" cb="0"/><line nr="518" mi="9" ci="0" mb="0" cb="0"/><line nr="519" mi="1" ci="0" mb="0" cb="0"/><line nr="531" mi="7" ci="0" mb="0" cb="0"/><line nr="532" mi="1" ci="0" mb="0" cb="0"/><line nr="545" mi="9" ci="0" mb="0" cb="0"/><line nr="546" mi="1" ci="0" mb="0" cb="0"/><line nr="559" mi="4" ci="0" mb="0" cb="0"/><line nr="561" mi="8" ci="0" mb="0" cb="0"/><line nr="562" mi="4" ci="0" mb="0" cb="0"/><line nr="563" mi="1" ci="0" mb="0" cb="0"/><line nr="573" mi="6" ci="0" mb="0" cb="0"/><line nr="575" mi="18" ci="0" mb="0" cb="0"/><line nr="576" mi="1" ci="0" mb="0" cb="0"/><line nr="588" mi="10" ci="0" mb="0" cb="0"/><line nr="591" mi="4" ci="0" mb="0" cb="0"/><line nr="593" mi="6" ci="0" mb="0" cb="0"/><line nr="594" mi="3" ci="0" mb="2" cb="0"/><line nr="595" mi="4" ci="0" mb="0" cb="0"/><line nr="598" mi="6" ci="0" mb="2" cb="0"/><line nr="600" mi="4" ci="0" mb="0" cb="0"/><line nr="603" mi="4" ci="0" mb="0" cb="0"/><line nr="606" mi="2" ci="0" mb="2" cb="0"/><line nr="608" mi="4" ci="0" mb="2" cb="0"/><line nr="610" mi="4" ci="0" mb="0" cb="0"/><line nr="613" mi="5" ci="0" mb="0" cb="0"/><line nr="622" mi="6" ci="0" mb="0" cb="0"/><line nr="625" mi="3" ci="0" mb="2" cb="0"/><line nr="626" mi="4" ci="0" mb="0" cb="0"/><line nr="628" mi="1" ci="0" mb="0" cb="0"/><line nr="631" mi="12" ci="0" mb="0" cb="0"/><line nr="632" mi="1" ci="0" mb="0" cb="0"/><line nr="643" mi="6" ci="0" mb="0" cb="0"/><line nr="645" mi="7" ci="0" mb="0" cb="0"/><line nr="646" mi="4" ci="0" mb="0" cb="0"/><line nr="647" mi="1" ci="0" mb="0" cb="0"/><line nr="657" mi="6" ci="0" mb="0" cb="0"/><line nr="658" mi="1" ci="0" mb="0" cb="0"/><line nr="672" mi="0" ci="4" mb="0" cb="0"/><line nr="673" mi="0" ci="4" mb="0" cb="0"/><line nr="679" mi="0" ci="2" mb="0" cb="0"/><line nr="680" mi="0" ci="4" mb="0" cb="0"/><line nr="682" mi="0" ci="3" mb="0" cb="0"/><line nr="684" mi="0" ci="3" mb="1" cb="1"/><line nr="685" mi="0" ci="4" mb="0" cb="0"/><line nr="688" mi="0" ci="10" mb="0" cb="2"/><line nr="689" mi="0" ci="4" mb="0" cb="0"/><line nr="691" mi="0" ci="3" mb="0" cb="2"/><line nr="692" mi="0" ci="13" mb="0" cb="0"/><line nr="694" mi="0" ci="10" mb="0" cb="0"/><line nr="696" mi="0" ci="3" mb="1" cb="1"/><line nr="697" mi="0" ci="10" mb="0" cb="0"/><line nr="701" mi="0" ci="3" mb="0" cb="2"/><line nr="702" mi="0" ci="3" mb="0" cb="0"/><line nr="703" mi="0" ci="5" mb="2" cb="2"/><line nr="705" mi="5" ci="0" mb="0" cb="0"/><line nr="707" mi="1" ci="9" mb="1" cb="1"/><line nr="708" mi="2" ci="12" mb="1" cb="1"/><line nr="712" mi="0" ci="4" mb="0" cb="0"/><line nr="713" mi="0" ci="5" mb="0" cb="0"/><line nr="714" mi="0" ci="1" mb="0" cb="0"/><line nr="716" mi="0" ci="2" mb="0" cb="0"/><line nr="718" mi="0" ci="6" mb="0" cb="2"/><line nr="719" mi="0" ci="4" mb="0" cb="0"/><line nr="720" mi="0" ci="10" mb="0" cb="0"/><line nr="722" mi="0" ci="4" mb="0" cb="2"/><line nr="723" mi="0" ci="9" mb="0" cb="0"/><line nr="726" mi="0" ci="4" mb="0" cb="0"/><line nr="728" mi="0" ci="4" mb="0" cb="0"/><line nr="730" mi="0" ci="3" mb="0" cb="2"/><line nr="731" mi="0" ci="5" mb="0" cb="0"/><line nr="734" mi="0" ci="8" mb="0" cb="0"/><line nr="736" mi="0" ci="3" mb="0" cb="2"/><line nr="737" mi="0" ci="5" mb="0" cb="0"/><line nr="739" mi="0" ci="1" mb="0" cb="0"/><line nr="741" mi="0" ci="2" mb="0" cb="0"/><line nr="755" mi="0" ci="2" mb="0" cb="0"/><line nr="756" mi="0" ci="2" mb="0" cb="0"/><line nr="757" mi="0" ci="6" mb="0" cb="0"/><line nr="759" mi="0" ci="3" mb="1" cb="1"/><line nr="760" mi="0" ci="6" mb="0" cb="0"/><line nr="762" mi="0" ci="2" mb="0" cb="0"/><line nr="764" mi="12" ci="0" mb="0" cb="0"/><line nr="766" mi="3" ci="0" mb="2" cb="0"/><line nr="768" mi="2" ci="0" mb="0" cb="0"/><line nr="772" mi="4" ci="0" mb="0" cb="0"/><line nr="775" mi="12" ci="0" mb="0" cb="0"/><line nr="776" mi="6" ci="0" mb="0" cb="0"/><line nr="778" mi="3" ci="0" mb="2" cb="0"/><line nr="779" mi="4" ci="0" mb="0" cb="0"/><line nr="781" mi="2" ci="0" mb="0" cb="0"/><line nr="784" mi="9" ci="0" mb="4" cb="0"/><line nr="785" mi="2" ci="0" mb="0" cb="0"/><line nr="788" mi="13" ci="0" mb="0" cb="0"/><line nr="803" mi="8" ci="0" mb="0" cb="0"/><line nr="805" mi="2" ci="0" mb="0" cb="0"/><line nr="806" mi="5" ci="0" mb="2" cb="0"/><line nr="807" mi="2" ci="0" mb="2" cb="0"/><line nr="808" mi="6" ci="0" mb="0" cb="0"/><line nr="810" mi="2" ci="0" mb="0" cb="0"/><line nr="812" mi="8" ci="0" mb="0" cb="0"/><line nr="814" mi="1" ci="0" mb="0" cb="0"/><line nr="816" mi="1" ci="0" mb="0" cb="0"/><line nr="818" mi="2" ci="0" mb="0" cb="0"/><line nr="829" mi="0" ci="5" mb="2" cb="2"/><line nr="830" mi="2" ci="0" mb="0" cb="0"/><line nr="833" mi="0" ci="3" mb="0" cb="0"/><line nr="835" mi="0" ci="9" mb="1" cb="3"/><line nr="836" mi="0" ci="2" mb="0" cb="0"/><line nr="839" mi="0" ci="5" mb="0" cb="0"/><line nr="848" mi="3" ci="0" mb="0" cb="0"/><line nr="849" mi="1" ci="0" mb="0" cb="0"/><line nr="857" mi="3" ci="0" mb="0" cb="0"/><line nr="858" mi="1" ci="0" mb="0" cb="0"/><line nr="866" mi="3" ci="0" mb="0" cb="0"/><line nr="867" mi="1" ci="0" mb="0" cb="0"/><line nr="875" mi="3" ci="0" mb="0" cb="0"/><line nr="876" mi="1" ci="0" mb="0" cb="0"/><line nr="886" mi="3" ci="0" mb="0" cb="0"/><line nr="887" mi="1" ci="0" mb="0" cb="0"/><line nr="895" mi="3" ci="0" mb="0" cb="0"/><line nr="896" mi="1" ci="0" mb="0" cb="0"/><line nr="906" mi="3" ci="0" mb="0" cb="0"/><line nr="907" mi="1" ci="0" mb="0" cb="0"/><line nr="915" mi="3" ci="0" mb="0" cb="0"/><line nr="916" mi="1" ci="0" mb="0" cb="0"/><line nr="924" mi="3" ci="0" mb="0" cb="0"/><line nr="925" mi="1" ci="0" mb="0" cb="0"/><line nr="933" mi="3" ci="0" mb="0" cb="0"/><line nr="934" mi="1" ci="0" mb="0" cb="0"/><counter type="INSTRUCTION" missed="608" covered="343"/><counter type="BRANCH" missed="87" covered="33"/><counter type="LINE" missed="137" covered="78"/><counter type="COMPLEXITY" missed="83" covered="20"/><counter type="METHOD" missed="32" covered="11"/><counter type="CLASS" missed="0" covered="2"/></sourcefile><sourcefile name="OptionBuilder.java"><line nr="48" mi="2" ci="0" mb="0" cb="0"/><line nr="60" mi="4" ci="0" mb="0" cb="0"/><line nr="64" mi="1" ci="0" mb="0" cb="0"/><line nr="65" mi="1" ci="0" mb="0" cb="0"/><line nr="74" mi="2" ci="0" mb="2" cb="0"/><line nr="75" mi="1" ci="0" mb="0" cb="0"/><line nr="76" mi="5" ci="0" mb="0" cb="0"/><line nr="79" mi="3" ci="0" mb="0" cb="0"/><line nr="90" mi="4" ci="0" mb="0" cb="0"/><line nr="104" mi="6" ci="0" mb="0" cb="0"/><line nr="107" mi="3" ci="0" mb="0" cb="0"/><line nr="108" mi="3" ci="0" mb="0" cb="0"/><line nr="109" mi="3" ci="0" mb="0" cb="0"/><line nr="110" mi="3" ci="0" mb="0" cb="0"/><line nr="111" mi="3" ci="0" mb="0" cb="0"/><line nr="112" mi="4" ci="0" mb="0" cb="0"/><line nr="113" mi="3" ci="0" mb="0" cb="0"/><line nr="114" mi="3" ci="0" mb="0" cb="0"/><line nr="117" mi="1" ci="0" mb="0" cb="0"/><line nr="121" mi="2" ci="0" mb="0" cb="0"/><line nr="130" mi="2" ci="0" mb="0" cb="0"/><line nr="132" mi="2" ci="0" mb="0" cb="0"/><line nr="142" mi="6" ci="0" mb="2" cb="0"/><line nr="144" mi="2" ci="0" mb="0" cb="0"/><line nr="153" mi="2" ci="0" mb="0" cb="0"/><line nr="155" mi="2" ci="0" mb="0" cb="0"/><line nr="165" mi="2" ci="0" mb="0" cb="0"/><line nr="167" mi="2" ci="0" mb="0" cb="0"/><line nr="176" mi="2" ci="0" mb="0" cb="0"/><line nr="177" mi="2" ci="0" mb="0" cb="0"/><line nr="179" mi="2" ci="0" mb="0" cb="0"/><line nr="188" mi="2" ci="0" mb="0" cb="0"/><line nr="189" mi="2" ci="0" mb="0" cb="0"/><line nr="191" mi="2" ci="0" mb="0" cb="0"/><line nr="201" mi="2" ci="0" mb="0" cb="0"/><line nr="202" mi="2" ci="0" mb="0" cb="0"/><line nr="204" mi="2" ci="0" mb="0" cb="0"/><line nr="213" mi="2" ci="0" mb="0" cb="0"/><line nr="215" mi="2" ci="0" mb="0" cb="0"/><line nr="225" mi="2" ci="0" mb="0" cb="0"/><line nr="227" mi="2" ci="0" mb="0" cb="0"/><line nr="234" mi="2" ci="0" mb="0" cb="0"/><line nr="235" mi="2" ci="0" mb="0" cb="0"/><line nr="236" mi="2" ci="0" mb="0" cb="0"/><line nr="237" mi="2" ci="0" mb="0" cb="0"/><line nr="238" mi="2" ci="0" mb="0" cb="0"/><line nr="239" mi="2" ci="0" mb="0" cb="0"/><line nr="240" mi="2" ci="0" mb="0" cb="0"/><line nr="241" mi="2" ci="0" mb="0" cb="0"/><line nr="242" mi="1" ci="0" mb="0" cb="0"/><line nr="251" mi="2" ci="0" mb="0" cb="0"/><line nr="253" mi="2" ci="0" mb="0" cb="0"/><line nr="263" mi="2" ci="0" mb="0" cb="0"/><line nr="265" mi="2" ci="0" mb="0" cb="0"/><line nr="275" mi="2" ci="0" mb="0" cb="0"/><line nr="277" mi="2" ci="0" mb="0" cb="0"/><line nr="288" mi="2" ci="0" mb="0" cb="0"/><line nr="290" mi="2" ci="0" mb="0" cb="0"/><line nr="305" mi="4" ci="0" mb="0" cb="0"/><line nr="324" mi="2" ci="0" mb="0" cb="0"/><line nr="326" mi="2" ci="0" mb="0" cb="0"/><line nr="348" mi="2" ci="0" mb="0" cb="0"/><line nr="350" mi="2" ci="0" mb="0" cb="0"/><counter type="INSTRUCTION" missed="148" covered="0"/><counter type="BRANCH" missed="4" covered="0"/><counter type="LINE" missed="63" covered="0"/><counter type="COMPLEXITY" missed="23" covered="0"/><counter type="METHOD" missed="21" covered="0"/><counter type="CLASS" missed="1" covered="0"/></sourcefile><sourcefile name="Util.java"><line nr="23" mi="3" ci="0" mb="0" cb="0"/><line nr="28" mi="4" ci="0" mb="0" cb="0"/><line nr="37" mi="9" ci="0" mb="4" cb="0"/><line nr="47" mi="3" ci="0" mb="2" cb="0"/><line nr="48" mi="2" ci="0" mb="0" cb="0"/><line nr="50" mi="3" ci="0" mb="0" cb="0"/><line nr="51" mi="21" ci="0" mb="8" cb="0"/><line nr="52" mi="7" ci="0" mb="0" cb="0"/><line nr="54" mi="2" ci="0" mb="0" cb="0"/><line nr="64" mi="3" ci="0" mb="2" cb="0"/><line nr="65" mi="2" ci="0" mb="0" cb="0"/><line nr="67" mi="4" ci="0" mb="2" cb="0"/><line nr="68" mi="4" ci="0" mb="0" cb="0"/><line nr="70" mi="4" ci="0" mb="2" cb="0"/><line nr="71" mi="4" ci="0" mb="0" cb="0"/><line nr="73" mi="2" ci="0" mb="0" cb="0"/><counter type="INSTRUCTION" missed="77" covered="0"/><counter type="BRANCH" missed="20" covered="0"/><counter type="LINE" missed="16" covered="0"/><counter type="COMPLEXITY" missed="15" covered="0"/><counter type="METHOD" missed="5" covered="0"/><counter type="CLASS" missed="1" covered="0"/></sourcefile><sourcefile name="OptionGroup.java"><line nr="29" mi="2" ci="0" mb="0" cb="0"/><line nr="34" mi="6" ci="0" mb="0" cb="0"/><line nr="51" mi="7" ci="0" mb="0" cb="0"/><line nr="53" mi="2" ci="0" mb="0" cb="0"/><line nr="61" mi="4" ci="0" mb="0" cb="0"/><line nr="69" mi="4" ci="0" mb="0" cb="0"/><line nr="76" mi="3" ci="0" mb="0" cb="0"/><line nr="85" mi="3" ci="0" mb="0" cb="0"/><line nr="92" mi="3" ci="0" mb="0" cb="0"/><line nr="93" mi="1" ci="0" mb="0" cb="0"/><line nr="102" mi="2" ci="0" mb="2" cb="0"/><line nr="104" mi="3" ci="0" mb="0" cb="0"/><line nr="105" mi="1" ci="0" mb="0" cb="0"/><line nr="111" mi="9" ci="0" mb="4" cb="0"/><line nr="112" mi="6" ci="0" mb="0" cb="0"/><line nr="114" mi="4" ci="0" mb="0" cb="0"/><line nr="115" mi="1" ci="0" mb="0" cb="0"/><line nr="124" mi="4" ci="0" mb="0" cb="0"/><line nr="126" mi="4" ci="0" mb="0" cb="0"/><line nr="128" mi="4" ci="0" mb="0" cb="0"/><line nr="130" mi="3" ci="0" mb="2" cb="0"/><line nr="131" mi="4" ci="0" mb="0" cb="0"/><line nr="133" mi="3" ci="0" mb="2" cb="0"/><line nr="134" mi="4" ci="0" mb="0" cb="0"/><line nr="135" mi="6" ci="0" mb="0" cb="0"/><line nr="137" mi="4" ci="0" mb="0" cb="0"/><line nr="138" mi="5" ci="0" mb="0" cb="0"/><line nr="141" mi="3" ci="0" mb="2" cb="0"/><line nr="142" mi="4" ci="0" mb="0" cb="0"/><line nr="143" mi="5" ci="0" mb="0" cb="0"/><line nr="146" mi="3" ci="0" mb="2" cb="0"/><line nr="147" mi="4" ci="0" mb="0" cb="0"/><line nr="149" mi="1" ci="0" mb="0" cb="0"/><line nr="151" mi="4" ci="0" mb="0" cb="0"/><line nr="153" mi="3" ci="0" mb="0" cb="0"/><counter type="INSTRUCTION" missed="129" covered="0"/><counter type="BRANCH" missed="14" covered="0"/><counter type="LINE" missed="35" covered="0"/><counter type="COMPLEXITY" missed="16" covered="0"/><counter type="METHOD" missed="9" covered="0"/><counter type="CLASS" missed="1" covered="0"/></sourcefile><sourcefile name="MissingArgumentException.java"><line nr="39" mi="11" ci="0" mb="0" cb="0"/><line nr="40" mi="3" ci="0" mb="0" cb="0"/><line nr="41" mi="1" ci="0" mb="0" cb="0"/><line nr="49" mi="3" ci="0" mb="0" cb="0"/><line nr="50" mi="1" ci="0" mb="0" cb="0"/><line nr="59" mi="3" ci="0" mb="0" cb="0"/><counter type="INSTRUCTION" missed="22" covered="0"/><counter type="LINE" missed="6" covered="0"/><counter type="COMPLEXITY" missed="3" covered="0"/><counter type="METHOD" missed="3" covered="0"/><counter type="CLASS" missed="1" covered="0"/></sourcefile><counter type="INSTRUCTION" missed="4877" covered="606"/><counter type="BRANCH" missed="688" covered="50"/><counter type="LINE" missed="1122" covered="143"/><counter type="COMPLEXITY" missed="650" covered="50"/><counter type="METHOD" missed="290" covered="37"/><counter type="CLASS" missed="20" covered="6"/></package><counter type="INSTRUCTION" missed="4877" covered="606"/><counter type="BRANCH" missed="688" covered="50"/><counter type="LINE" missed="1122" covered="143"/><counter type="COMPLEXITY" missed="650" covered="50"/><counter type="METHOD" missed="290" covered="37"/><counter type="CLASS" missed="20" covered="6"/></report>